  ConsoleApplication1.cpp
C:\Program Files\Wt 4.10.2 msvs2017 x64\include\Wt\Dbo\SqlTraits.h(266,15): warning C4251: Wt::Dbo::FieldInfo::name_: class "std::basic_string<char,std::char_traits<char>,std::allocator<char>>" должен иметь dll-интерфейс для использования клиентами class "Wt::Dbo::FieldInfo"
  (компиляция исходного файла "ConsoleApplication1.cpp")
  C:\Program Files\Microsoft Visual Studio\2022\Community\VC\Tools\MSVC\14.38.33130\include\xstring(5127,29):
   см. объявление "std::basic_string<char,std::char_traits<char>,std::allocator<char>>"
  
C:\Program Files\Wt 4.10.2 msvs2017 x64\include\Wt\Dbo\SqlTraits.h(266,22): warning C4251: Wt::Dbo::FieldInfo::sqlType_: class "std::basic_string<char,std::char_traits<char>,std::allocator<char>>" должен иметь dll-интерфейс для использования клиентами class "Wt::Dbo::FieldInfo"
  (компиляция исходного файла "ConsoleApplication1.cpp")
  C:\Program Files\Microsoft Visual Studio\2022\Community\VC\Tools\MSVC\14.38.33130\include\xstring(5127,29):
   см. объявление "std::basic_string<char,std::char_traits<char>,std::allocator<char>>"
  
C:\Program Files\Wt 4.10.2 msvs2017 x64\include\Wt\Dbo\SqlTraits.h(266,32): warning C4251: Wt::Dbo::FieldInfo::qualifier_: class "std::basic_string<char,std::char_traits<char>,std::allocator<char>>" должен иметь dll-интерфейс для использования клиентами class "Wt::Dbo::FieldInfo"
  (компиляция исходного файла "ConsoleApplication1.cpp")
  C:\Program Files\Microsoft Visual Studio\2022\Community\VC\Tools\MSVC\14.38.33130\include\xstring(5127,29):
   см. объявление "std::basic_string<char,std::char_traits<char>,std::allocator<char>>"
  
C:\Program Files\Wt 4.10.2 msvs2017 x64\include\Wt\Dbo\SqlTraits.h(267,15): warning C4251: Wt::Dbo::FieldInfo::foreignKeyName_: class "std::basic_string<char,std::char_traits<char>,std::allocator<char>>" должен иметь dll-интерфейс для использования клиентами class "Wt::Dbo::FieldInfo"
  (компиляция исходного файла "ConsoleApplication1.cpp")
  C:\Program Files\Microsoft Visual Studio\2022\Community\VC\Tools\MSVC\14.38.33130\include\xstring(5127,29):
   см. объявление "std::basic_string<char,std::char_traits<char>,std::allocator<char>>"
  
C:\Program Files\Wt 4.10.2 msvs2017 x64\include\Wt\Dbo\SqlTraits.h(267,32): warning C4251: Wt::Dbo::FieldInfo::foreignKeyTable_: class "std::basic_string<char,std::char_traits<char>,std::allocator<char>>" должен иметь dll-интерфейс для использования клиентами class "Wt::Dbo::FieldInfo"
  (компиляция исходного файла "ConsoleApplication1.cpp")
  C:\Program Files\Microsoft Visual Studio\2022\Community\VC\Tools\MSVC\14.38.33130\include\xstring(5127,29):
   см. объявление "std::basic_string<char,std::char_traits<char>,std::allocator<char>>"
  
C:\Program Files\Wt 4.10.2 msvs2017 x64\include\Wt\Dbo\Query.h(272,15): warning C4251: Wt::Dbo::AbstractQuery::join_: class "std::basic_string<char,std::char_traits<char>,std::allocator<char>>" должен иметь dll-интерфейс для использования клиентами class "Wt::Dbo::AbstractQuery"
  (компиляция исходного файла "ConsoleApplication1.cpp")
  C:\Program Files\Microsoft Visual Studio\2022\Community\VC\Tools\MSVC\14.38.33130\include\xstring(5127,29):
   см. объявление "std::basic_string<char,std::char_traits<char>,std::allocator<char>>"
  
C:\Program Files\Wt 4.10.2 msvs2017 x64\include\Wt\Dbo\Query.h(272,22): warning C4251: Wt::Dbo::AbstractQuery::where_: class "std::basic_string<char,std::char_traits<char>,std::allocator<char>>" должен иметь dll-интерфейс для использования клиентами class "Wt::Dbo::AbstractQuery"
  (компиляция исходного файла "ConsoleApplication1.cpp")
  C:\Program Files\Microsoft Visual Studio\2022\Community\VC\Tools\MSVC\14.38.33130\include\xstring(5127,29):
   см. объявление "std::basic_string<char,std::char_traits<char>,std::allocator<char>>"
  
C:\Program Files\Wt 4.10.2 msvs2017 x64\include\Wt\Dbo\Query.h(272,30): warning C4251: Wt::Dbo::AbstractQuery::groupBy_: class "std::basic_string<char,std::char_traits<char>,std::allocator<char>>" должен иметь dll-интерфейс для использования клиентами class "Wt::Dbo::AbstractQuery"
  (компиляция исходного файла "ConsoleApplication1.cpp")
  C:\Program Files\Microsoft Visual Studio\2022\Community\VC\Tools\MSVC\14.38.33130\include\xstring(5127,29):
   см. объявление "std::basic_string<char,std::char_traits<char>,std::allocator<char>>"
  
C:\Program Files\Wt 4.10.2 msvs2017 x64\include\Wt\Dbo\Query.h(272,40): warning C4251: Wt::Dbo::AbstractQuery::having_: class "std::basic_string<char,std::char_traits<char>,std::allocator<char>>" должен иметь dll-интерфейс для использования клиентами class "Wt::Dbo::AbstractQuery"
  (компиляция исходного файла "ConsoleApplication1.cpp")
  C:\Program Files\Microsoft Visual Studio\2022\Community\VC\Tools\MSVC\14.38.33130\include\xstring(5127,29):
   см. объявление "std::basic_string<char,std::char_traits<char>,std::allocator<char>>"
  
C:\Program Files\Wt 4.10.2 msvs2017 x64\include\Wt\Dbo\Query.h(272,49): warning C4251: Wt::Dbo::AbstractQuery::orderBy_: class "std::basic_string<char,std::char_traits<char>,std::allocator<char>>" должен иметь dll-интерфейс для использования клиентами class "Wt::Dbo::AbstractQuery"
  (компиляция исходного файла "ConsoleApplication1.cpp")
  C:\Program Files\Microsoft Visual Studio\2022\Community\VC\Tools\MSVC\14.38.33130\include\xstring(5127,29):
   см. объявление "std::basic_string<char,std::char_traits<char>,std::allocator<char>>"
  
C:\Program Files\Wt 4.10.2 msvs2017 x64\include\Wt\Dbo\Query.h(283,38): warning C4251: Wt::Dbo::AbstractQuery::parameters_: class "std::vector<Wt::Dbo::Impl::ParameterBase *,std::allocator<Wt::Dbo::Impl::ParameterBase *>>" должен иметь dll-интерфейс для использования клиентами class "Wt::Dbo::AbstractQuery"
  (компиляция исходного файла "ConsoleApplication1.cpp")
  C:\Program Files\Wt 4.10.2 msvs2017 x64\include\Wt\Dbo\ptr.h(98,28):
   см. объявление "std::vector<Wt::Dbo::Impl::ParameterBase *,std::allocator<Wt::Dbo::Impl::ParameterBase *>>"
  
C:\Program Files\Wt 4.10.2 msvs2017 x64\include\Wt\Dbo\SqlConnection.h(317,16): warning C4251: Wt::Dbo::SqlConnection::statementCache_: class "std::multimap<std::string,std::unique_ptr<Wt::Dbo::SqlStatement,std::default_delete<Wt::Dbo::SqlStatement>>,std::less<std::string>,std::allocator<std::pair<const std::string,std::unique_ptr<Wt::Dbo::SqlStatement,std::default_delete<Wt::Dbo::SqlStatement>>>>>" должен иметь dll-интерфейс для использования клиентами class "Wt::Dbo::SqlConnection"
  (компиляция исходного файла "ConsoleApplication1.cpp")
  C:\Program Files\Wt 4.10.2 msvs2017 x64\include\Wt\Dbo\SqlConnection.h(315,16):
   см. объявление "std::multimap<std::string,std::unique_ptr<Wt::Dbo::SqlStatement,std::default_delete<Wt::Dbo::SqlStatement>>,std::less<std::string>,std::allocator<std::pair<const std::string,std::unique_ptr<Wt::Dbo::SqlStatement,std::default_delete<Wt::Dbo::SqlStatement>>>>>"
  
C:\Program Files\Wt 4.10.2 msvs2017 x64\include\Wt\Dbo\SqlConnection.h(318,38): warning C4251: Wt::Dbo::SqlConnection::properties_: class "std::map<std::string,std::string,std::less<std::string>,std::allocator<std::pair<const std::string,std::string>>>" должен иметь dll-интерфейс для использования клиентами class "Wt::Dbo::SqlConnection"
  (компиляция исходного файла "ConsoleApplication1.cpp")
  C:\Program Files\Wt 4.10.2 msvs2017 x64\include\Wt\Dbo\SqlConnection.h(318,8):
   см. объявление "std::map<std::string,std::string,std::less<std::string>,std::allocator<std::pair<const std::string,std::string>>>"
  
C:\Program Files\Wt 4.10.2 msvs2017 x64\include\Wt\Dbo\SqlConnection.h(319,28): warning C4251: Wt::Dbo::SqlConnection::statefulSql_: class "std::vector<std::string,std::allocator<std::string>>" должен иметь dll-интерфейс для использования клиентами class "Wt::Dbo::SqlConnection"
  (компиляция исходного файла "ConsoleApplication1.cpp")
  C:\Program Files\Wt 4.10.2 msvs2017 x64\include\Wt\Dbo\SqlTraits.h(302,30):
   см. объявление "std::vector<std::string,std::allocator<std::string>>"
  
C:\Program Files\Wt 4.10.2 msvs2017 x64\include\Wt\Dbo\Session.h(38,21): warning C4251: Wt::Dbo::Impl::SetInfo::joinName: class "std::basic_string<char,std::char_traits<char>,std::allocator<char>>" должен иметь dll-интерфейс для использования клиентами struct "Wt::Dbo::Impl::SetInfo"
  (компиляция исходного файла "ConsoleApplication1.cpp")
  C:\Program Files\Microsoft Visual Studio\2022\Community\VC\Tools\MSVC\14.38.33130\include\xstring(5127,29):
   см. объявление "std::basic_string<char,std::char_traits<char>,std::allocator<char>>"
  
C:\Program Files\Wt 4.10.2 msvs2017 x64\include\Wt\Dbo\Session.h(39,21): warning C4251: Wt::Dbo::Impl::SetInfo::joinSelfId: class "std::basic_string<char,std::char_traits<char>,std::allocator<char>>" должен иметь dll-интерфейс для использования клиентами struct "Wt::Dbo::Impl::SetInfo"
  (компиляция исходного файла "ConsoleApplication1.cpp")
  C:\Program Files\Microsoft Visual Studio\2022\Community\VC\Tools\MSVC\14.38.33130\include\xstring(5127,29):
   см. объявление "std::basic_string<char,std::char_traits<char>,std::allocator<char>>"
  
C:\Program Files\Wt 4.10.2 msvs2017 x64\include\Wt\Dbo\Session.h(39,33): warning C4251: Wt::Dbo::Impl::SetInfo::joinOtherId: class "std::basic_string<char,std::char_traits<char>,std::allocator<char>>" должен иметь dll-интерфейс для использования клиентами struct "Wt::Dbo::Impl::SetInfo"
  (компиляция исходного файла "ConsoleApplication1.cpp")
  C:\Program Files\Microsoft Visual Studio\2022\Community\VC\Tools\MSVC\14.38.33130\include\xstring(5127,29):
   см. объявление "std::basic_string<char,std::char_traits<char>,std::allocator<char>>"
  
C:\Program Files\Wt 4.10.2 msvs2017 x64\include\Wt\Dbo\Session.h(56,21): warning C4251: Wt::Dbo::Impl::MappingInfo::naturalIdFieldName: class "std::basic_string<char,std::char_traits<char>,std::allocator<char>>" должен иметь dll-интерфейс для использования клиентами struct "Wt::Dbo::Impl::MappingInfo"
  (компиляция исходного файла "ConsoleApplication1.cpp")
  C:\Program Files\Microsoft Visual Studio\2022\Community\VC\Tools\MSVC\14.38.33130\include\xstring(5127,29):
   см. объявление "std::basic_string<char,std::char_traits<char>,std::allocator<char>>"
  
C:\Program Files\Wt 4.10.2 msvs2017 x64\include\Wt\Dbo\Session.h(59,21): warning C4251: Wt::Dbo::Impl::MappingInfo::idCondition: class "std::basic_string<char,std::char_traits<char>,std::allocator<char>>" должен иметь dll-интерфейс для использования клиентами struct "Wt::Dbo::Impl::MappingInfo"
  (компиляция исходного файла "ConsoleApplication1.cpp")
  C:\Program Files\Microsoft Visual Studio\2022\Community\VC\Tools\MSVC\14.38.33130\include\xstring(5127,29):
   см. объявление "std::basic_string<char,std::char_traits<char>,std::allocator<char>>"
  
C:\Program Files\Wt 4.10.2 msvs2017 x64\include\Wt\Dbo\Session.h(61,32): warning C4251: Wt::Dbo::Impl::MappingInfo::fields: class "std::vector<Wt::Dbo::FieldInfo,std::allocator<Wt::Dbo::FieldInfo>>" должен иметь dll-интерфейс для использования клиентами struct "Wt::Dbo::Impl::MappingInfo"
  (компиляция исходного файла "ConsoleApplication1.cpp")
  C:\Program Files\Wt 4.10.2 msvs2017 x64\include\Wt\Dbo\SqlTraits.h(303,30):
   см. объявление "std::vector<Wt::Dbo::FieldInfo,std::allocator<Wt::Dbo::FieldInfo>>"
  
C:\Program Files\Wt 4.10.2 msvs2017 x64\include\Wt\Dbo\Session.h(62,30): warning C4251: Wt::Dbo::Impl::MappingInfo::sets: class "std::vector<Wt::Dbo::Impl::SetInfo,std::allocator<Wt::Dbo::Impl::SetInfo>>" должен иметь dll-интерфейс для использования клиентами struct "Wt::Dbo::Impl::MappingInfo"
  (компиляция исходного файла "ConsoleApplication1.cpp")
  C:\Program Files\Wt 4.10.2 msvs2017 x64\include\Wt\Dbo\Session.h(62,14):
   см. объявление "std::vector<Wt::Dbo::Impl::SetInfo,std::allocator<Wt::Dbo::Impl::SetInfo>>"
  
C:\Program Files\Wt 4.10.2 msvs2017 x64\include\Wt\Dbo\Session.h(64,34): warning C4251: Wt::Dbo::Impl::MappingInfo::statements: class "std::vector<std::string,std::allocator<std::string>>" должен иметь dll-интерфейс для использования клиентами struct "Wt::Dbo::Impl::MappingInfo"
  (компиляция исходного файла "ConsoleApplication1.cpp")
  C:\Program Files\Wt 4.10.2 msvs2017 x64\include\Wt\Dbo\SqlTraits.h(302,30):
   см. объявление "std::vector<std::string,std::allocator<std::string>>"
  
C:\Program Files\Wt 4.10.2 msvs2017 x64\include\Wt\Dbo\Session.h(510,23): warning C4251: Wt::Dbo::Session::longlongType_: class "std::basic_string<char,std::char_traits<char>,std::allocator<char>>" должен иметь dll-интерфейс для использования клиентами class "Wt::Dbo::Session"
  (компиляция исходного файла "ConsoleApplication1.cpp")
  C:\Program Files\Microsoft Visual Studio\2022\Community\VC\Tools\MSVC\14.38.33130\include\xstring(5127,29):
   см. объявление "std::basic_string<char,std::char_traits<char>,std::allocator<char>>"
  
C:\Program Files\Wt 4.10.2 msvs2017 x64\include\Wt\Dbo\Session.h(511,23): warning C4251: Wt::Dbo::Session::intType_: class "std::basic_string<char,std::char_traits<char>,std::allocator<char>>" должен иметь dll-интерфейс для использования клиентами class "Wt::Dbo::Session"
  (компиляция исходного файла "ConsoleApplication1.cpp")
  C:\Program Files\Microsoft Visual Studio\2022\Community\VC\Tools\MSVC\14.38.33130\include\xstring(5127,29):
   см. объявление "std::basic_string<char,std::char_traits<char>,std::allocator<char>>"
  
C:\Program Files\Wt 4.10.2 msvs2017 x64\include\Wt\Dbo\Session.h(557,17): warning C4251: Wt::Dbo::Session::classRegistry_: class "std::map<Wt::Dbo::Session::const_typeinfo_ptr,Wt::Dbo::Impl::MappingInfo *,Wt::Dbo::Session::typecomp,std::allocator<std::pair<const Wt::Dbo::Session::const_typeinfo_ptr,Wt::Dbo::Impl::MappingInfo *>>>" должен иметь dll-интерфейс для использования клиентами class "Wt::Dbo::Session"
  (компиляция исходного файла "ConsoleApplication1.cpp")
  C:\Program Files\Wt 4.10.2 msvs2017 x64\include\Wt\Dbo\Session.h(553,16):
   см. объявление "std::map<Wt::Dbo::Session::const_typeinfo_ptr,Wt::Dbo::Impl::MappingInfo *,Wt::Dbo::Session::typecomp,std::allocator<std::pair<const Wt::Dbo::Session::const_typeinfo_ptr,Wt::Dbo::Impl::MappingInfo *>>>"
  
C:\Program Files\Wt 4.10.2 msvs2017 x64\include\Wt\Dbo\Session.h(558,17): warning C4251: Wt::Dbo::Session::tableRegistry_: class "std::map<std::string,Wt::Dbo::Impl::MappingInfo *,std::less<std::string>,std::allocator<std::pair<const std::string,Wt::Dbo::Impl::MappingInfo *>>>" должен иметь dll-интерфейс для использования клиентами class "Wt::Dbo::Session"
  (компиляция исходного файла "ConsoleApplication1.cpp")
  C:\Program Files\Wt 4.10.2 msvs2017 x64\include\Wt\Dbo\Session.h(555,16):
   см. объявление "std::map<std::string,Wt::Dbo::Impl::MappingInfo *,std::less<std::string>,std::allocator<std::pair<const std::string,Wt::Dbo::Impl::MappingInfo *>>>"
  
C:\Program Files\Wt 4.10.2 msvs2017 x64\include\Wt\Dbo\Session.h(564,29): warning C4251: Wt::Dbo::Session::objectsToAdd_: class "std::vector<Wt::Dbo::MetaDboBase *,std::allocator<Wt::Dbo::MetaDboBase *>>" должен иметь dll-интерфейс для использования клиентами class "Wt::Dbo::Session"
  (компиляция исходного файла "ConsoleApplication1.cpp")
  C:\Program Files\Wt 4.10.2 msvs2017 x64\include\Wt\Dbo\Session.h(564,8):
   см. объявление "std::vector<Wt::Dbo::MetaDboBase *,std::allocator<Wt::Dbo::MetaDboBase *>>"
  
C:\Program Files\Wt 4.10.2 msvs2017 x64\include\Wt\Dbo\Session.h(565,34): warning C4251: Wt::Dbo::Session::connection_: class "std::unique_ptr<Wt::Dbo::SqlConnection,std::default_delete<Wt::Dbo::SqlConnection>>" должен иметь dll-интерфейс для использования клиентами class "Wt::Dbo::Session"
  (компиляция исходного файла "ConsoleApplication1.cpp")
  C:\Program Files\Wt 4.10.2 msvs2017 x64\include\Wt\Dbo\Transaction.h(149,10):
   см. объявление "std::unique_ptr<Wt::Dbo::SqlConnection,std::default_delete<Wt::Dbo::SqlConnection>>"
  
C:\Program Files\Wt 4.10.2 msvs2017 x64\include\Wt\Dbo\DbAction.h(63,15): warning C4251: Wt::Dbo::InitSchema::foreignKeyTable_: class "std::basic_string<char,std::char_traits<char>,std::allocator<char>>" должен иметь dll-интерфейс для использования клиентами class "Wt::Dbo::InitSchema"
  (компиляция исходного файла "ConsoleApplication1.cpp")
  C:\Program Files\Microsoft Visual Studio\2022\Community\VC\Tools\MSVC\14.38.33130\include\xstring(5127,29):
   см. объявление "std::basic_string<char,std::char_traits<char>,std::allocator<char>>"
  
C:\Program Files\Wt 4.10.2 msvs2017 x64\include\Wt\Dbo\DbAction.h(63,33): warning C4251: Wt::Dbo::InitSchema::foreignKeyName_: class "std::basic_string<char,std::char_traits<char>,std::allocator<char>>" должен иметь dll-интерфейс для использования клиентами class "Wt::Dbo::InitSchema"
  (компиляция исходного файла "ConsoleApplication1.cpp")
  C:\Program Files\Microsoft Visual Studio\2022\Community\VC\Tools\MSVC\14.38.33130\include\xstring(5127,29):
   см. объявление "std::basic_string<char,std::char_traits<char>,std::allocator<char>>"
  
C:\Program Files\Wt 4.10.2 msvs2017 x64\include\Wt\Dbo\Exception.h(24,41): warning C4275: class "std::runtime_error", не являющийся dll-интерфейсом, использован в качестве базового для dll-интерфейса class "Wt::Dbo::Exception"
  (компиляция исходного файла "ConsoleApplication1.cpp")
  C:\Program Files\Microsoft Visual Studio\2022\Community\VC\Tools\MSVC\14.38.33130\include\stdexcept(100,19):
   см. объявление "std::runtime_error"
  C:\Program Files\Wt 4.10.2 msvs2017 x64\include\Wt\Dbo\Exception.h(24,17):
   см. объявление "Wt::Dbo::Exception"
  
C:\Program Files\Wt 4.10.2 msvs2017 x64\include\Wt\Dbo\Exception.h(44,15): warning C4251: Wt::Dbo::Exception::code_: class "std::basic_string<char,std::char_traits<char>,std::allocator<char>>" должен иметь dll-интерфейс для использования клиентами class "Wt::Dbo::Exception"
  (компиляция исходного файла "ConsoleApplication1.cpp")
  C:\Program Files\Microsoft Visual Studio\2022\Community\VC\Tools\MSVC\14.38.33130\include\xstring(5127,29):
   см. объявление "std::basic_string<char,std::char_traits<char>,std::allocator<char>>"
  
C:\Program Files\Wt 4.10.2 msvs2017 x64\include\Wt\Dbo\backend\Postgres.h(160,15): warning C4251: Wt::Dbo::backend::Postgres::connInfo_: class "std::basic_string<char,std::char_traits<char>,std::allocator<char>>" должен иметь dll-интерфейс для использования клиентами class "Wt::Dbo::backend::Postgres"
  (компиляция исходного файла "ConsoleApplication1.cpp")
  C:\Program Files\Microsoft Visual Studio\2022\Community\VC\Tools\MSVC\14.38.33130\include\xstring(5127,29):
   см. объявление "std::basic_string<char,std::char_traits<char>,std::allocator<char>>"
  
C:\Program Files\Wt 4.10.2 msvs2017 x64\include\Wt\Dbo\backend\Postgres.h(162,29): warning C4251: Wt::Dbo::backend::Postgres::timeout_: class "std::chrono::duration<__int64,std::micro>" должен иметь dll-интерфейс для использования клиентами class "Wt::Dbo::backend::Postgres"
  (компиляция исходного файла "ConsoleApplication1.cpp")
  C:\Program Files\Microsoft Visual Studio\2022\Community\VC\Tools\MSVC\14.38.33130\include\__msvc_chrono.hpp(510,38):
   см. объявление "std::chrono::duration<__int64,std::micro>"
  
C:\Program Files\Wt 4.10.2 msvs2017 x64\include\Wt\Dbo\backend\Postgres.h(163,24): warning C4251: Wt::Dbo::backend::Postgres::maximumLifetime_: class "std::chrono::duration<__int64,std::ratio<1,1>>" должен иметь dll-интерфейс для использования клиентами class "Wt::Dbo::backend::Postgres"
  (компиляция исходного файла "ConsoleApplication1.cpp")
  C:\Program Files\Microsoft Visual Studio\2022\Community\VC\Tools\MSVC\14.38.33130\include\__msvc_chrono.hpp(512,38):
   см. объявление "std::chrono::duration<__int64,std::ratio<1,1>>"
  
C:\Program Files\Wt 4.10.2 msvs2017 x64\include\Wt\Dbo\backend\Postgres.h(164,41): warning C4251: Wt::Dbo::backend::Postgres::connectTime_: class "std::chrono::time_point<std::chrono::steady_clock,std::chrono::nanoseconds>" должен иметь dll-интерфейс для использования клиентами class "Wt::Dbo::backend::Postgres"
  (компиляция исходного файла "ConsoleApplication1.cpp")
  C:\Program Files\Microsoft Visual Studio\2022\Community\VC\Tools\MSVC\14.38.33130\include\__msvc_chrono.hpp(665,51):
   см. объявление "std::chrono::time_point<std::chrono::steady_clock,std::chrono::nanoseconds>"
  
C:\Temp\ConsoleApplication1\ConsoleApplication1.cpp(128,34): warning C4101: e: неиспользованная локальная переменная
ConsoleApplication1.obj : error LNK2019: ссылка на неразрешенный внешний символ "__declspec(dllimport) public: __cdecl Wt::Dbo::FieldInfo::FieldInfo(class std::basic_string<char,struct std::char_traits<char>,class std::allocator<char> > const &,class type_info const *,class std::basic_string<char,struct std::char_traits<char>,class std::allocator<char> > const &,int)" (__imp_??0FieldInfo@Dbo@Wt@@QEAA@AEBV?$basic_string@DU?$char_traits@D@std@@V?$allocator@D@2@@std@@PEBVtype_info@@0H@Z) в функции "public: void __cdecl Wt::Dbo::InitSchema::act<int>(class Wt::Dbo::FieldRef<int> const &)" (??$act@H@InitSchema@Dbo@Wt@@QEAAXAEBV?$FieldRef@H@12@@Z).
ConsoleApplication1.obj : error LNK2019: ссылка на неразрешенный внешний символ "__declspec(dllimport) public: __cdecl Wt::Dbo::FieldInfo::FieldInfo(class std::basic_string<char,struct std::char_traits<char>,class std::allocator<char> > const &,class type_info const *,class std::basic_string<char,struct std::char_traits<char>,class std::allocator<char> > const &,class std::basic_string<char,struct std::char_traits<char>,class std::allocator<char> > const &,class std::basic_string<char,struct std::char_traits<char>,class std::allocator<char> > const &,int,int)" (__imp_??0FieldInfo@Dbo@Wt@@QEAA@AEBV?$basic_string@DU?$char_traits@D@std@@V?$allocator@D@2@@std@@PEBVtype_info@@000HH@Z) в функции "public: void __cdecl Wt::Dbo::InitSchema::act<int>(class Wt::Dbo::FieldRef<int> const &)" (??$act@H@InitSchema@Dbo@Wt@@QEAAXAEBV?$FieldRef@H@12@@Z).
ConsoleApplication1.obj : error LNK2019: ссылка на неразрешенный внешний символ "__declspec(dllimport) public: void __cdecl Wt::Dbo::FieldInfo::setQualifier(class std::basic_string<char,struct std::char_traits<char>,class std::allocator<char> > const &,bool)" (__imp_?setQualifier@FieldInfo@Dbo@Wt@@QEAAXAEBV?$basic_string@DU?$char_traits@D@std@@V?$allocator@D@2@@std@@_N@Z) в функции "public: static void __cdecl Wt::Dbo::query_result_traits<class Wt::Dbo::ptr<class Book> >::getFields(class Wt::Dbo::Session &,class std::vector<class std::basic_string<char,struct std::char_traits<char>,class std::allocator<char> >,class std::allocator<class std::basic_string<char,struct std::char_traits<char>,class std::allocator<char> > > > *,class std::vector<class Wt::Dbo::FieldInfo,class std::allocator<class Wt::Dbo::FieldInfo> > &)" (?getFields@?$query_result_traits@V?$ptr@VBook@@@Dbo@Wt@@@Dbo@Wt@@SAXAEAVSession@23@PEAV?$vector@V?$basic_string@DU?$char_traits@D@std@@V?$allocator@D@2@@std@@V?$allocator@V?$basic_string@DU?$char_traits@D@std@@V?$allocator@D@2@@std@@@2@@std@@AEAV?$vector@VFieldInfo@Dbo@Wt@@V?$allocator@VFieldInfo@Dbo@Wt@@@std@@@6@@Z).
ConsoleApplication1.obj : error LNK2019: ссылка на неразрешенный внешний символ "__declspec(dllimport) public: __cdecl Wt::Dbo::FieldInfo::~FieldInfo(void)" (__imp_??1FieldInfo@Dbo@Wt@@QEAA@XZ) в функции "public: void __cdecl Wt::Dbo::InitSchema::act<int>(class Wt::Dbo::FieldRef<int> const &)" (??$act@H@InitSchema@Dbo@Wt@@QEAAXAEBV?$FieldRef@H@12@@Z).
ConsoleApplication1.obj : error LNK2019: ссылка на неразрешенный внешний символ "__declspec(dllimport) public: __cdecl Wt::Dbo::FieldInfo::FieldInfo(class Wt::Dbo::FieldInfo &&)" (__imp_??0FieldInfo@Dbo@Wt@@QEAA@$$QEAV012@@Z) в функции "void __cdecl std::_Construct_in_place<class Wt::Dbo::FieldInfo,class Wt::Dbo::FieldInfo>(class Wt::Dbo::FieldInfo &,class Wt::Dbo::FieldInfo &&)" (??$_Construct_in_place@VFieldInfo@Dbo@Wt@@V123@@std@@YAXAEAVFieldInfo@Dbo@Wt@@$$QEAV123@@Z).
ConsoleApplication1.obj : error LNK2019: ссылка на неразрешенный внешний символ "__declspec(dllimport) public: virtual __cdecl Wt::Dbo::Impl::ParameterBase::~ParameterBase(void)" (__imp_??1ParameterBase@Impl@Dbo@Wt@@UEAA@XZ) в функции "int `public: __cdecl Wt::Dbo::Impl::Parameter<class std::basic_string<char,struct std::char_traits<char>,class std::allocator<char> > >::Parameter<class std::basic_string<char,struct std::char_traits<char>,class std::allocator<char> > >(class std::basic_string<char,struct std::char_traits<char>,class std::allocator<char> > const &)'::`1'::dtor$0" (?dtor$0@?0???0?$Parameter@V?$basic_string@DU?$char_traits@D@std@@V?$allocator@D@2@@std@@@Impl@Dbo@Wt@@QEAA@AEBV?$basic_string@DU?$char_traits@D@std@@V?$allocator@D@2@@std@@@Z@4HA).
ConsoleApplication1.obj : error LNK2019: ссылка на неразрешенный внешний символ "__declspec(dllimport) public: __cdecl Wt::Dbo::Impl::ParameterBase::ParameterBase(void)" (__imp_??0ParameterBase@Impl@Dbo@Wt@@QEAA@XZ) в функции "public: __cdecl Wt::Dbo::Impl::Parameter<class std::basic_string<char,struct std::char_traits<char>,class std::allocator<char> > >::Parameter<class std::basic_string<char,struct std::char_traits<char>,class std::allocator<char> > >(class std::basic_string<char,struct std::char_traits<char>,class std::allocator<char> > const &)" (??0?$Parameter@V?$basic_string@DU?$char_traits@D@std@@V?$allocator@D@2@@std@@@Impl@Dbo@Wt@@QEAA@AEBV?$basic_string@DU?$char_traits@D@std@@V?$allocator@D@2@@std@@@Z).
ConsoleApplication1.obj : error LNK2019: ссылка на неразрешенный внешний символ "__declspec(dllimport) public: __cdecl Wt::Dbo::MetaDboBase::MetaDboBase(int,int,class Wt::Dbo::Session *)" (__imp_??0MetaDboBase@Dbo@Wt@@QEAA@HHPEAVSession@12@@Z) в функции "private: __cdecl Wt::Dbo::MetaDbo<class Book>::MetaDbo<class Book>(class Wt::Dbo::Session &)" (??0?$MetaDbo@VBook@@@Dbo@Wt@@AEAA@AEAVSession@12@@Z).
ConsoleApplication1.obj : error LNK2019: ссылка на неразрешенный внешний символ "__declspec(dllimport) public: virtual __cdecl Wt::Dbo::MetaDboBase::~MetaDboBase(void)" (__imp_??1MetaDboBase@Dbo@Wt@@UEAA@XZ) в функции "int `private: __cdecl Wt::Dbo::MetaDbo<class Book>::MetaDbo<class Book>(class Dbo::MetaDbo<class Book>::Session &)'::`1'::dtor$0" (?dtor$0@?0???0?$MetaDbo@VBook@@@Dbo@Wt@@AEAA@AEAVSession@12@@Z@4HA).
ConsoleApplication1.obj : error LNK2019: ссылка на неразрешенный внешний символ "__declspec(dllimport) public: void __cdecl Wt::Dbo::MetaDboBase::transactionDone(bool)" (__imp_?transactionDone@MetaDboBase@Dbo@Wt@@QEAAX_N@Z) в функции "private: virtual void __cdecl Wt::Dbo::ptr<class Book>::transactionDone(bool)" (?transactionDone@?$ptr@VBook@@@Dbo@Wt@@EEAAX_N@Z).
ConsoleApplication1.obj : error LNK2019: ссылка на неразрешенный внешний символ "__declspec(dllimport) public: void __cdecl Wt::Dbo::MetaDboBase::setVersion(int)" (__imp_?setVersion@MetaDboBase@Dbo@Wt@@QEAAXH@Z) в функции "public: virtual void __cdecl Wt::Dbo::MetaDbo<class Book>::doTransactionDone(bool)" (?doTransactionDone@?$MetaDbo@VBook@@@Dbo@Wt@@UEAAX_N@Z).
ConsoleApplication1.obj : error LNK2019: ссылка на неразрешенный внешний символ "__declspec(dllimport) public: void __cdecl Wt::Dbo::MetaDboBase::setSession(class Wt::Dbo::Session *)" (__imp_?setSession@MetaDboBase@Dbo@Wt@@QEAAXPEAVSession@23@@Z) в функции "public: class Wt::Dbo::ptr<class Book> __cdecl Wt::Dbo::Session::add<class Book>(class Wt::Dbo::ptr<class Book> &)" (??$add@VBook@@@Session@Dbo@Wt@@QEAA?AV?$ptr@VBook@@@12@AEAV312@@Z).
ConsoleApplication1.obj : error LNK2019: ссылка на неразрешенный внешний символ "__declspec(dllimport) public: class Wt::Dbo::Session * __cdecl Wt::Dbo::MetaDboBase::session(void)" (__imp_?session@MetaDboBase@Dbo@Wt@@QEAAPEAVSession@23@XZ) в функции "public: void __cdecl Wt::Dbo::DboAction::actCollection<class Book>(class Wt::Dbo::CollectionRef<class Book> const &)" (??$actCollection@VBook@@@DboAction@Dbo@Wt@@QEAAXAEBV?$CollectionRef@VBook@@@12@@Z).
ConsoleApplication1.obj : error LNK2019: ссылка на неразрешенный внешний символ "__declspec(dllimport) public: bool __cdecl Wt::Dbo::MetaDboBase::isNew(void)const " (__imp_?isNew@MetaDboBase@Dbo@Wt@@QEBA_NXZ) в функции "public: virtual void __cdecl Wt::Dbo::MetaDbo<class Book>::doTransactionDone(bool)" (?doTransactionDone@?$MetaDbo@VBook@@@Dbo@Wt@@UEAAX_N@Z).
ConsoleApplication1.obj : error LNK2019: ссылка на неразрешенный внешний символ "__declspec(dllimport) public: bool __cdecl Wt::Dbo::MetaDboBase::isPersisted(void)const " (__imp_?isPersisted@MetaDboBase@Dbo@Wt@@QEBA_NXZ) в функции "public: void __cdecl Wt::Dbo::MetaDbo<class Book>::reread(void)" (?reread@?$MetaDbo@VBook@@@Dbo@Wt@@QEAAXXZ).
ConsoleApplication1.obj : error LNK2019: ссылка на неразрешенный внешний символ "__declspec(dllimport) public: bool __cdecl Wt::Dbo::MetaDboBase::isOrphaned(void)const " (__imp_?isOrphaned@MetaDboBase@Dbo@Wt@@QEBA_NXZ) в функции "public: virtual __cdecl Wt::Dbo::MetaDbo<class Book>::~MetaDbo<class Book>(void)" (??1?$MetaDbo@VBook@@@Dbo@Wt@@UEAA@XZ).
ConsoleApplication1.obj : error LNK2019: ссылка на неразрешенный внешний символ "__declspec(dllimport) public: bool __cdecl Wt::Dbo::MetaDboBase::isDeleted(void)const " (__imp_?isDeleted@MetaDboBase@Dbo@Wt@@QEBA_NXZ) в функции "public: class Book * __cdecl Wt::Dbo::MetaDbo<class Book>::obj(void)" (?obj@?$MetaDbo@VBook@@@Dbo@Wt@@QEAAPEAVBook@@XZ).
ConsoleApplication1.obj : error LNK2019: ссылка на неразрешенный внешний символ "__declspec(dllimport) public: bool __cdecl Wt::Dbo::MetaDboBase::savedInTransaction(void)const " (__imp_?savedInTransaction@MetaDboBase@Dbo@Wt@@QEBA_NXZ) в функции "private: void __cdecl Wt::Dbo::Session::implDelete<class Book>(class Wt::Dbo::MetaDbo<class Book> &)" (??$implDelete@VBook@@@Session@Dbo@Wt@@AEAAXAEAV?$MetaDbo@VBook@@@12@@Z).
ConsoleApplication1.obj : error LNK2019: ссылка на неразрешенный внешний символ "__declspec(dllimport) public: bool __cdecl Wt::Dbo::MetaDboBase::deletedInTransaction(void)const " (__imp_?deletedInTransaction@MetaDboBase@Dbo@Wt@@QEBA_NXZ) в функции "public: virtual void __cdecl Wt::Dbo::MetaDbo<class Book>::doTransactionDone(bool)" (?doTransactionDone@?$MetaDbo@VBook@@@Dbo@Wt@@UEAAX_N@Z).
ConsoleApplication1.obj : error LNK2019: ссылка на неразрешенный внешний символ "__declspec(dllimport) public: void __cdecl Wt::Dbo::MetaDboBase::setState(enum Wt::Dbo::MetaDboBase::State)" (__imp_?setState@MetaDboBase@Dbo@Wt@@QEAAXW4State@123@@Z) в функции "public: virtual __cdecl Wt::Dbo::Session::Mapping<class Book>::~Mapping<class Book>(void)" (??1?$Mapping@VBook@@@Session@Dbo@Wt@@UEAA@XZ).
ConsoleApplication1.obj : error LNK2019: ссылка на неразрешенный внешний символ "__declspec(dllimport) public: void __cdecl Wt::Dbo::MetaDboBase::setDirty(void)" (__imp_?setDirty@MetaDboBase@Dbo@Wt@@QEAAXXZ) в функции "public: __cdecl Wt::Dbo::ptr<class Book>::mutator::mutator(class Wt::Dbo::MetaDbo<class Book> *)" (??0mutator@?$ptr@VBook@@@Dbo@Wt@@QEAA@PEAV?$MetaDbo@VBook@@@23@@Z).
ConsoleApplication1.obj : error LNK2019: ссылка на неразрешенный внешний символ "__declspec(dllimport) public: void __cdecl Wt::Dbo::MetaDboBase::setTransactionState(enum Wt::Dbo::MetaDboBase::State)" (__imp_?setTransactionState@MetaDboBase@Dbo@Wt@@QEAAXW4State@123@@Z) в функции "public: virtual void __cdecl Wt::Dbo::MetaDbo<class Book>::flush(void)" (?flush@?$MetaDbo@VBook@@@Dbo@Wt@@UEAAXXZ).
ConsoleApplication1.obj : error LNK2019: ссылка на неразрешенный внешний символ "__declspec(dllimport) public: void __cdecl Wt::Dbo::MetaDboBase::resetTransactionState(void)" (__imp_?resetTransactionState@MetaDboBase@Dbo@Wt@@QEAAXXZ) в функции "public: virtual void __cdecl Wt::Dbo::MetaDbo<class Book>::doTransactionDone(bool)" (?doTransactionDone@?$MetaDbo@VBook@@@Dbo@Wt@@UEAAX_N@Z).
ConsoleApplication1.obj : error LNK2019: ссылка на неразрешенный внешний символ "__declspec(dllimport) public: void __cdecl Wt::Dbo::MetaDboBase::incRef(void)" (__imp_?incRef@MetaDboBase@Dbo@Wt@@QEAAXXZ) в функции "private: void __cdecl Wt::Dbo::ptr<class Book>::takeObj(void)" (?takeObj@?$ptr@VBook@@@Dbo@Wt@@AEAAXXZ).
ConsoleApplication1.obj : error LNK2019: ссылка на неразрешенный внешний символ "__declspec(dllimport) public: void __cdecl Wt::Dbo::MetaDboBase::decRef(void)" (__imp_?decRef@MetaDboBase@Dbo@Wt@@QEAAXXZ) в функции "private: void __cdecl Wt::Dbo::ptr<class Book>::freeObj(void)" (?freeObj@?$ptr@VBook@@@Dbo@Wt@@AEAAXXZ).
ConsoleApplication1.obj : error LNK2019: ссылка на неразрешенный внешний символ "__declspec(dllimport) protected: void __cdecl Wt::Dbo::MetaDboBase::checkNotOrphaned(void)" (__imp_?checkNotOrphaned@MetaDboBase@Dbo@Wt@@IEAAXXZ) в функции "public: virtual void __cdecl Wt::Dbo::MetaDbo<class Book>::flush(void)" (?flush@?$MetaDbo@VBook@@@Dbo@Wt@@UEAAXXZ).
ConsoleApplication1.obj : error LNK2019: ссылка на неразрешенный внешний символ "__declspec(dllimport) public: __cdecl Wt::Dbo::ptr_base::ptr_base(void)" (__imp_??0ptr_base@Dbo@Wt@@QEAA@XZ) в функции "private: __cdecl Wt::Dbo::ptr<class Book>::ptr<class Book>(class Wt::Dbo::MetaDbo<class Book> *)" (??0?$ptr@VBook@@@Dbo@Wt@@AEAA@PEAV?$MetaDbo@VBook@@@12@@Z).
ConsoleApplication1.obj : error LNK2019: ссылка на неразрешенный внешний символ "__declspec(dllimport) public: virtual __cdecl Wt::Dbo::ptr_base::~ptr_base(void)" (__imp_??1ptr_base@Dbo@Wt@@UEAA@XZ) в функции "int `private: __cdecl Wt::Dbo::ptr<class Book>::ptr<class Book>(class Dbo::ptr<class Book>::MetaDbo<class Book> *)'::`1'::dtor$0" (?dtor$0@?0???0?$ptr@VBook@@@Dbo@Wt@@AEAA@PEAV?$MetaDbo@VBook@@@12@@Z@4HA).
ConsoleApplication1.obj : error LNK2019: ссылка на неразрешенный внешний символ "__declspec(dllimport) public: void __cdecl Wt::Dbo::AbstractQuery::reset(void)" (__imp_?reset@AbstractQuery@Dbo@Wt@@QEAAXXZ) в функции "public: __cdecl Wt::Dbo::Query<class Wt::Dbo::ptr<class Book>,struct Wt::Dbo::DynamicBinding>::~Query<class Wt::Dbo::ptr<class Book>,struct Wt::Dbo::DynamicBinding>(void)" (??1?$Query@V?$ptr@VBook@@@Dbo@Wt@@UDynamicBinding@23@@Dbo@Wt@@QEAA@XZ).
ConsoleApplication1.obj : error LNK2019: ссылка на неразрешенный внешний символ "__declspec(dllimport) public: class Wt::Dbo::AbstractQuery & __cdecl Wt::Dbo::AbstractQuery::where(class std::basic_string<char,struct std::char_traits<char>,class std::allocator<char> > const &)" (__imp_?where@AbstractQuery@Dbo@Wt@@QEAAAEAV123@AEBV?$basic_string@DU?$char_traits@D@std@@V?$allocator@D@2@@std@@@Z) в функции "public: class Wt::Dbo::Query<class Wt::Dbo::ptr<class Book>,struct Wt::Dbo::DynamicBinding> & __cdecl Wt::Dbo::Query<class Wt::Dbo::ptr<class Book>,struct Wt::Dbo::DynamicBinding>::where(class std::basic_string<char,struct std::char_traits<char>,class std::allocator<char> > const &)" (?where@?$Query@V?$ptr@VBook@@@Dbo@Wt@@UDynamicBinding@23@@Dbo@Wt@@QEAAAEAV123@AEBV?$basic_string@DU?$char_traits@D@std@@V?$allocator@D@2@@std@@@Z).
ConsoleApplication1.obj : error LNK2019: ссылка на неразрешенный внешний символ "__declspec(dllimport) protected: __cdecl Wt::Dbo::AbstractQuery::AbstractQuery(void)" (__imp_??0AbstractQuery@Dbo@Wt@@IEAA@XZ) в функции "private: __cdecl Wt::Dbo::Query<class Wt::Dbo::ptr<class Book>,struct Wt::Dbo::DynamicBinding>::Query<class Wt::Dbo::ptr<class Book>,struct Wt::Dbo::DynamicBinding>(class Wt::Dbo::Session &,class std::basic_string<char,struct std::char_traits<char>,class std::allocator<char> > const &,class std::basic_string<char,struct std::char_traits<char>,class std::allocator<char> > const &)" (??0?$Query@V?$ptr@VBook@@@Dbo@Wt@@UDynamicBinding@23@@Dbo@Wt@@AEAA@AEAVSession@12@AEBV?$basic_string@DU?$char_traits@D@std@@V?$allocator@D@2@@std@@1@Z).
ConsoleApplication1.obj : error LNK2019: ссылка на неразрешенный внешний символ "__declspec(dllimport) protected: __cdecl Wt::Dbo::AbstractQuery::~AbstractQuery(void)" (__imp_??1AbstractQuery@Dbo@Wt@@IEAA@XZ) в функции "int `private: __cdecl Wt::Dbo::Query<class Wt::Dbo::ptr<class Book>,struct Wt::Dbo::DynamicBinding>::Query<class Wt::Dbo::ptr<class Book>,struct Wt::Dbo::DynamicBinding>(class Dbo::Query<class Wt::Dbo::ptr<class Book>,struct Wt::Dbo::DynamicBinding>::Session &,class std::basic_string<char,struct std::char_traits<char>,class std::allocator<char> > const &,class std::basic_string<char,struct std::char_traits<char>,class std::allocator<char> > const &)'::`1'::dtor$0" (?dtor$0@?0???0?$Query@V?$ptr@VBook@@@Dbo@Wt@@UDynamicBinding@23@@Dbo@Wt@@AEAA@AEAVSession@12@AEBV?$basic_string@DU?$char_traits@D@std@@V?$allocator@D@2@@std@@1@Z@4HA).
ConsoleApplication1.obj : error LNK2019: ссылка на неразрешенный внешний символ "__declspec(dllimport) protected: void __cdecl Wt::Dbo::AbstractQuery::bindParameters(class Wt::Dbo::Session *,class Wt::Dbo::SqlStatement *)const " (__imp_?bindParameters@AbstractQuery@Dbo@Wt@@IEBAXPEAVSession@23@PEAVSqlStatement@23@@Z) в функции "public: class Wt::Dbo::collection<class Wt::Dbo::ptr<class Book> > __cdecl Wt::Dbo::Query<class Wt::Dbo::ptr<class Book>,struct Wt::Dbo::DynamicBinding>::resultList(void)const " (?resultList@?$Query@V?$ptr@VBook@@@Dbo@Wt@@UDynamicBinding@23@@Dbo@Wt@@QEBA?AV?$collection@V?$ptr@VBook@@@Dbo@Wt@@@23@XZ).
ConsoleApplication1.obj : error LNK2019: ссылка на неразрешенный внешний символ "__declspec(dllimport) public: __cdecl Wt::Dbo::Transaction::Transaction(class Wt::Dbo::Session &)" (__imp_??0Transaction@Dbo@Wt@@QEAA@AEAVSession@12@@Z) в функции main.
ConsoleApplication1.obj : error LNK2019: ссылка на неразрешенный внешний символ "__declspec(dllimport) public: virtual __cdecl Wt::Dbo::Transaction::~Transaction(void)" (__imp_??1Transaction@Dbo@Wt@@UEAA@XZ) в функции main.
ConsoleApplication1.obj : error LNK2019: ссылка на неразрешенный внешний символ "__declspec(dllimport) public: bool __cdecl Wt::Dbo::Transaction::commit(void)" (__imp_?commit@Transaction@Dbo@Wt@@QEAA_NXZ) в функции main.
ConsoleApplication1.obj : error LNK2019: ссылка на неразрешенный внешний символ "__declspec(dllimport) class std::basic_string<char,struct std::char_traits<char>,class std::allocator<char> > __cdecl Wt::Dbo::Impl::quoteSchemaDot(class std::basic_string<char,struct std::char_traits<char>,class std::allocator<char> > const &)" (__imp_?quoteSchemaDot@Impl@Dbo@Wt@@YA?AV?$basic_string@DU?$char_traits@D@std@@V?$allocator@D@2@@std@@AEBV45@@Z) в функции "public: class Wt::Dbo::Query<class Wt::Dbo::ptr<class Book>,struct Wt::Dbo::DynamicBinding> __cdecl Wt::Dbo::Session::find<class Book,struct Wt::Dbo::DynamicBinding>(class std::basic_string<char,struct std::char_traits<char>,class std::allocator<char> > const &)" (??$find@VBook@@UDynamicBinding@Dbo@Wt@@@Session@Dbo@Wt@@QEAA?AV?$Query@V?$ptr@VBook@@@Dbo@Wt@@UDynamicBinding@23@@12@AEBV?$basic_string@DU?$char_traits@D@std@@V?$allocator@D@2@@std@@@Z).
ConsoleApplication1.obj : error LNK2019: ссылка на неразрешенный внешний символ "__declspec(dllimport) public: __cdecl Wt::Dbo::Impl::SetInfo::SetInfo(char const *,enum Wt::Dbo::RelationType,class std::basic_string<char,struct std::char_traits<char>,class std::allocator<char> > const &,class std::basic_string<char,struct std::char_traits<char>,class std::allocator<char> > const &,int)" (__imp_??0SetInfo@Impl@Dbo@Wt@@QEAA@PEBDW4RelationType@23@AEBV?$basic_string@DU?$char_traits@D@std@@V?$allocator@D@2@@std@@2H@Z) в функции "public: void __cdecl Wt::Dbo::InitSchema::actCollection<class Book>(class Wt::Dbo::CollectionRef<class Book> const &)" (??$actCollection@VBook@@@InitSchema@Dbo@Wt@@QEAAXAEBV?$CollectionRef@VBook@@@12@@Z).
ConsoleApplication1.obj : error LNK2019: ссылка на неразрешенный внешний символ "__declspec(dllimport) public: __cdecl Wt::Dbo::Impl::SetInfo::~SetInfo(void)" (__imp_??1SetInfo@Impl@Dbo@Wt@@QEAA@XZ) в функции "public: void __cdecl Wt::Dbo::InitSchema::actCollection<class Book>(class Wt::Dbo::CollectionRef<class Book> const &)" (??$actCollection@VBook@@@InitSchema@Dbo@Wt@@QEAAXAEBV?$CollectionRef@VBook@@@12@@Z).
ConsoleApplication1.obj : error LNK2019: ссылка на неразрешенный внешний символ "__declspec(dllimport) public: __cdecl Wt::Dbo::Impl::SetInfo::SetInfo(struct Wt::Dbo::Impl::SetInfo &&)" (__imp_??0SetInfo@Impl@Dbo@Wt@@QEAA@$$QEAU0123@@Z) в функции "void __cdecl std::_Construct_in_place<struct Wt::Dbo::Impl::SetInfo,struct Wt::Dbo::Impl::SetInfo>(struct Wt::Dbo::Impl::SetInfo &,struct Wt::Dbo::Impl::SetInfo &&)" (??$_Construct_in_place@USetInfo@Impl@Dbo@Wt@@U1234@@std@@YAXAEAUSetInfo@Impl@Dbo@Wt@@$$QEAU1234@@Z).
ConsoleApplication1.obj : error LNK2019: ссылка на неразрешенный внешний символ "__declspec(dllimport) public: __cdecl Wt::Dbo::Impl::MappingInfo::MappingInfo(void)" (__imp_??0MappingInfo@Impl@Dbo@Wt@@QEAA@XZ) в функции "public: __cdecl Wt::Dbo::Session::Mapping<class Book>::Mapping<class Book>(void)" (??0?$Mapping@VBook@@@Session@Dbo@Wt@@QEAA@XZ).
ConsoleApplication1.obj : error LNK2019: ссылка на неразрешенный внешний символ "__declspec(dllimport) public: virtual __cdecl Wt::Dbo::Impl::MappingInfo::~MappingInfo(void)" (__imp_??1MappingInfo@Impl@Dbo@Wt@@UEAA@XZ) в функции "int `public: __cdecl Wt::Dbo::Session::Mapping<class Book>::Mapping<class Book>(void)'::`1'::dtor$0" (?dtor$0@?0???0?$Mapping@VBook@@@Session@Dbo@Wt@@QEAA@XZ@4HA).
ConsoleApplication1.obj : error LNK2019: ссылка на неразрешенный внешний символ "__declspec(dllimport) public: __cdecl Wt::Dbo::Session::Session(void)" (__imp_??0Session@Dbo@Wt@@QEAA@XZ) в функции main.
ConsoleApplication1.obj : error LNK2019: ссылка на неразрешенный внешний символ "__declspec(dllimport) public: virtual __cdecl Wt::Dbo::Session::~Session(void)" (__imp_??1Session@Dbo@Wt@@UEAA@XZ) в функции main.
ConsoleApplication1.obj : error LNK2019: ссылка на неразрешенный внешний символ "__declspec(dllimport) public: void __cdecl Wt::Dbo::Session::setConnection(class std::unique_ptr<class Wt::Dbo::SqlConnection,struct std::default_delete<class Wt::Dbo::SqlConnection> >)" (__imp_?setConnection@Session@Dbo@Wt@@QEAAXV?$unique_ptr@VSqlConnection@Dbo@Wt@@U?$default_delete@VSqlConnection@Dbo@Wt@@@std@@@std@@@Z) в функции main.
ConsoleApplication1.obj : error LNK2019: ссылка на неразрешенный внешний символ "__declspec(dllimport) public: void __cdecl Wt::Dbo::Session::createTables(void)" (__imp_?createTables@Session@Dbo@Wt@@QEAAXXZ) в функции main.
ConsoleApplication1.obj : error LNK2019: ссылка на неразрешенный внешний символ "__declspec(dllimport) public: void __cdecl Wt::Dbo::Session::flush(void)" (__imp_?flush@Session@Dbo@Wt@@QEAAXXZ) в функции "private: class Wt::Dbo::SqlStatement * __cdecl Wt::Dbo::collection<class Wt::Dbo::ptr<class Book> >::executeStatement(void)const " (?executeStatement@?$collection@V?$ptr@VBook@@@Dbo@Wt@@@Dbo@Wt@@AEBAPEAVSqlStatement@23@XZ).
    Указание на символы, которые определены и могут подойти:
      "__declspec(dllimport) public: class std::basic_ostream<char,struct std::char_traits<char> > & __cdecl std::basic_ostream<char,struct std::char_traits<char> >::flush(void)" (__imp_?flush@?$basic_ostream@DU?$char_traits@D@std@@@std@@QEAAAEAV12@XZ)
ConsoleApplication1.obj : error LNK2019: ссылка на неразрешенный внешний символ "__declspec(dllimport) public: void __cdecl Wt::Dbo::Session::getFields(char const *,class std::vector<class Wt::Dbo::FieldInfo,class std::allocator<class Wt::Dbo::FieldInfo> > &)" (__imp_?getFields@Session@Dbo@Wt@@QEAAXPEBDAEAV?$vector@VFieldInfo@Dbo@Wt@@V?$allocator@VFieldInfo@Dbo@Wt@@@std@@@std@@@Z) в функции "public: static void __cdecl Wt::Dbo::query_result_traits<class Wt::Dbo::ptr<class Book> >::getFields(class Wt::Dbo::Session &,class std::vector<class std::basic_string<char,struct std::char_traits<char>,class std::allocator<char> >,class std::allocator<class std::basic_string<char,struct std::char_traits<char>,class std::allocator<char> > > > *,class std::vector<class Wt::Dbo::FieldInfo,class std::allocator<class Wt::Dbo::FieldInfo> > &)" (?getFields@?$query_result_traits@V?$ptr@VBook@@@Dbo@Wt@@@Dbo@Wt@@SAXAEAVSession@23@PEAV?$vector@V?$basic_string@DU?$char_traits@D@std@@V?$allocator@D@2@@std@@V?$allocator@V?$basic_string@DU?$char_traits@D@std@@V?$allocator@D@2@@std@@@2@@std@@AEAV?$vector@VFieldInfo@Dbo@Wt@@V?$allocator@VFieldInfo@Dbo@Wt@@@std@@@6@@Z).
ConsoleApplication1.obj : error LNK2019: ссылка на неразрешенный внешний символ "__declspec(dllimport) public: enum Wt::Dbo::FlushMode __cdecl Wt::Dbo::Session::flushMode(void)" (__imp_?flushMode@Session@Dbo@Wt@@QEAA?AW4FlushMode@23@XZ) в функции "public: class Wt::Dbo::ptr<class Book> __cdecl Wt::Dbo::Session::add<class Book>(class Wt::Dbo::ptr<class Book> &)" (??$add@VBook@@@Session@Dbo@Wt@@QEAA?AV?$ptr@VBook@@@12@AEAV312@@Z).
ConsoleApplication1.obj : error LNK2019: ссылка на неразрешенный внешний символ "__declspec(dllimport) private: void __cdecl Wt::Dbo::Session::initSchema(void)const " (__imp_?initSchema@Session@Dbo@Wt@@AEBAXXZ) в функции "public: class Wt::Dbo::ptr<class Book> __cdecl Wt::Dbo::Session::add<class Book>(class Wt::Dbo::ptr<class Book> &)" (??$add@VBook@@@Session@Dbo@Wt@@QEAA?AV?$ptr@VBook@@@12@AEAV312@@Z).
ConsoleApplication1.obj : error LNK2019: ссылка на неразрешенный внешний символ "__declspec(dllimport) private: void __cdecl Wt::Dbo::Session::needsFlush(class Wt::Dbo::MetaDboBase *)" (__imp_?needsFlush@Session@Dbo@Wt@@AEAAXPEAVMetaDboBase@23@@Z) в функции "public: class Wt::Dbo::ptr<class Book> __cdecl Wt::Dbo::Session::add<class Book>(class Wt::Dbo::ptr<class Book> &)" (??$add@VBook@@@Session@Dbo@Wt@@QEAA?AV?$ptr@VBook@@@12@AEAV312@@Z).
ConsoleApplication1.obj : error LNK2019: ссылка на неразрешенный внешний символ "__declspec(dllimport) private: struct Wt::Dbo::Impl::MappingInfo * __cdecl Wt::Dbo::Session::getMapping(char const *)const " (__imp_?getMapping@Session@Dbo@Wt@@AEBAPEAUMappingInfo@Impl@23@PEBD@Z) в функции "public: void __cdecl Wt::Dbo::DropSchema::actCollection<class Book>(class Wt::Dbo::CollectionRef<class Book> const &)" (??$actCollection@VBook@@@DropSchema@Dbo@Wt@@QEAAXAEBV?$CollectionRef@VBook@@@12@@Z).
ConsoleApplication1.obj : error LNK2019: ссылка на неразрешенный внешний символ "__declspec(dllimport) private: void __cdecl Wt::Dbo::Session::load(class Wt::Dbo::MetaDboBase *)" (__imp_?load@Session@Dbo@Wt@@AEAAXPEAVMetaDboBase@23@@Z) в функции "private: void __cdecl Wt::Dbo::MetaDbo<class Book>::doLoad(void)" (?doLoad@?$MetaDbo@VBook@@@Dbo@Wt@@AEAAXXZ).
ConsoleApplication1.obj : error LNK2019: ссылка на неразрешенный внешний символ "__declspec(dllimport) private: void __cdecl Wt::Dbo::Session::discardChanges(class Wt::Dbo::MetaDboBase *)" (__imp_?discardChanges@Session@Dbo@Wt@@AEAAXPEAVMetaDboBase@23@@Z) в функции "private: void __cdecl Wt::Dbo::Session::prune<class Book>(class Wt::Dbo::MetaDbo<class Book> *)" (??$prune@VBook@@@Session@Dbo@Wt@@AEAAXPEAV?$MetaDbo@VBook@@@12@@Z).
ConsoleApplication1.obj : error LNK2019: ссылка на неразрешенный внешний символ "__declspec(dllimport) private: static class std::basic_string<char,struct std::char_traits<char>,class std::allocator<char> > __cdecl Wt::Dbo::Session::statementId(char const *,int)" (__imp_?statementId@Session@Dbo@Wt@@CA?AV?$basic_string@DU?$char_traits@D@std@@V?$allocator@D@2@@std@@PEBDH@Z) в функции "private: class Wt::Dbo::SqlStatement * __cdecl Wt::Dbo::Session::getStatement<class Book>(int)" (??$getStatement@VBook@@@Session@Dbo@Wt@@AEAAPEAVSqlStatement@12@H@Z).
ConsoleApplication1.obj : error LNK2019: ссылка на неразрешенный внешний символ "__declspec(dllimport) private: class Wt::Dbo::SqlStatement * __cdecl Wt::Dbo::Session::getStatement(class std::basic_string<char,struct std::char_traits<char>,class std::allocator<char> > const &)" (__imp_?getStatement@Session@Dbo@Wt@@AEAAPEAVSqlStatement@23@AEBV?$basic_string@DU?$char_traits@D@std@@V?$allocator@D@2@@std@@@Z) в функции "private: class Wt::Dbo::SqlStatement * __cdecl Wt::Dbo::Session::getStatement<class Book>(int)" (??$getStatement@VBook@@@Session@Dbo@Wt@@AEAAPEAVSqlStatement@12@H@Z).
ConsoleApplication1.obj : error LNK2019: ссылка на неразрешенный внешний символ "__declspec(dllimport) private: class Wt::Dbo::SqlStatement * __cdecl Wt::Dbo::Session::getStatement(char const *,int)" (__imp_?getStatement@Session@Dbo@Wt@@AEAAPEAVSqlStatement@23@PEBDH@Z) в функции "public: void __cdecl Wt::Dbo::SaveBaseAction::actCollection<class Book>(class Wt::Dbo::CollectionRef<class Book> const &)" (??$actCollection@VBook@@@SaveBaseAction@Dbo@Wt@@QEAAXAEBV?$CollectionRef@VBook@@@12@@Z).
ConsoleApplication1.obj : error LNK2019: ссылка на неразрешенный внешний символ "__declspec(dllimport) private: class std::basic_string<char,struct std::char_traits<char>,class std::allocator<char> > const & __cdecl Wt::Dbo::Session::getStatementSql(char const *,int)" (__imp_?getStatementSql@Session@Dbo@Wt@@AEAAAEBV?$basic_string@DU?$char_traits@D@std@@V?$allocator@D@2@@std@@PEBDH@Z) в функции "public: void __cdecl Wt::Dbo::DboAction::actCollection<class Book>(class Wt::Dbo::CollectionRef<class Book> const &)" (??$actCollection@VBook@@@DboAction@Dbo@Wt@@QEAAXAEBV?$CollectionRef@VBook@@@12@@Z).
ConsoleApplication1.obj : error LNK2019: ссылка на неразрешенный внешний символ "__declspec(dllimport) private: class Wt::Dbo::SqlStatement * __cdecl Wt::Dbo::Session::prepareStatement(class std::basic_string<char,struct std::char_traits<char>,class std::allocator<char> > const &,class std::basic_string<char,struct std::char_traits<char>,class std::allocator<char> > const &)" (__imp_?prepareStatement@Session@Dbo@Wt@@AEAAPEAVSqlStatement@23@AEBV?$basic_string@DU?$char_traits@D@std@@V?$allocator@D@2@@std@@0@Z) в функции "private: class Wt::Dbo::SqlStatement * __cdecl Wt::Dbo::Session::getStatement<class Book>(int)" (??$getStatement@VBook@@@Session@Dbo@Wt@@AEAAPEAVSqlStatement@12@H@Z).
ConsoleApplication1.obj : error LNK2019: ссылка на неразрешенный внешний символ "__declspec(dllimport) private: class Wt::Dbo::SqlStatement * __cdecl Wt::Dbo::Session::getOrPrepareStatement(class std::basic_string<char,struct std::char_traits<char>,class std::allocator<char> > const &)" (__imp_?getOrPrepareStatement@Session@Dbo@Wt@@AEAAPEAVSqlStatement@23@AEBV?$basic_string@DU?$char_traits@D@std@@V?$allocator@D@2@@std@@@Z) в функции "private: class Wt::Dbo::SqlStatement * __cdecl Wt::Dbo::collection<class Wt::Dbo::ptr<class Book> >::executeStatement(void)const " (?executeStatement@?$collection@V?$ptr@VBook@@@Dbo@Wt@@@Dbo@Wt@@AEBAPEAVSqlStatement@23@XZ).
ConsoleApplication1.obj : error LNK2019: ссылка на неразрешенный внешний символ "__declspec(dllimport) private: class Wt::Dbo::SqlConnection * __cdecl Wt::Dbo::Session::connection(bool)" (__imp_?connection@Session@Dbo@Wt@@AEAAPEAVSqlConnection@23@_N@Z) в функции "public: class std::basic_string<char,struct std::char_traits<char>,class std::allocator<char> > __cdecl Wt::Dbo::FieldRef<int>::sqlType(class Wt::Dbo::Session &)const " (?sqlType@?$FieldRef@H@Dbo@Wt@@QEBA?AV?$basic_string@DU?$char_traits@D@std@@V?$allocator@D@2@@std@@AEAVSession@23@@Z).
ConsoleApplication1.obj : error LNK2019: ссылка на неразрешенный внешний символ "__declspec(dllimport) private: class Wt::Dbo::MetaDboBase * __cdecl Wt::Dbo::Session::createDbo(struct Wt::Dbo::Impl::MappingInfo *)" (__imp_?createDbo@Session@Dbo@Wt@@AEAAPEAVMetaDboBase@23@PEAUMappingInfo@Impl@23@@Z) в функции "public: class Wt::Dbo::ptr<class Book> __cdecl Wt::Dbo::Session::loadLazy<class Book>(__int64 const &)" (??$loadLazy@VBook@@@Session@Dbo@Wt@@QEAA?AV?$ptr@VBook@@@12@AEB_J@Z).
ConsoleApplication1.obj : error LNK2019: ссылка на неразрешенный внешний символ "__declspec(dllimport) public: void __cdecl Wt::Dbo::SqlStatement::done(void)" (__imp_?done@SqlStatement@Dbo@Wt@@QEAAXXZ) в функции "public: __cdecl Wt::Dbo::collection<class Wt::Dbo::ptr<class Book> >::iterator::shared_impl::~shared_impl(void)" (??1shared_impl@iterator@?$collection@V?$ptr@VBook@@@Dbo@Wt@@@Dbo@Wt@@QEAA@XZ).
ConsoleApplication1.obj : error LNK2019: ссылка на неразрешенный внешний символ "__declspec(dllimport) public: __cdecl Wt::Dbo::ScopedStatementUse::ScopedStatementUse(class Wt::Dbo::SqlStatement *)" (__imp_??0ScopedStatementUse@Dbo@Wt@@QEAA@PEAVSqlStatement@12@@Z) в функции "public: void __cdecl Wt::Dbo::SaveBaseAction::actCollection<class Book>(class Wt::Dbo::CollectionRef<class Book> const &)" (??$actCollection@VBook@@@SaveBaseAction@Dbo@Wt@@QEAAXAEBV?$CollectionRef@VBook@@@12@@Z).
ConsoleApplication1.obj : error LNK2019: ссылка на неразрешенный внешний символ "__declspec(dllimport) public: void __cdecl Wt::Dbo::ScopedStatementUse::operator()(class Wt::Dbo::SqlStatement *)" (__imp_??RScopedStatementUse@Dbo@Wt@@QEAAXPEAVSqlStatement@12@@Z) в функции "public: void __cdecl Wt::Dbo::LoadDbAction<class Book>::visit(class Book &)" (?visit@?$LoadDbAction@VBook@@@Dbo@Wt@@QEAAXAEAVBook@@@Z).
ConsoleApplication1.obj : error LNK2019: ссылка на неразрешенный внешний символ "__declspec(dllimport) public: __cdecl Wt::Dbo::ScopedStatementUse::~ScopedStatementUse(void)" (__imp_??1ScopedStatementUse@Dbo@Wt@@QEAA@XZ) в функции "public: void __cdecl Wt::Dbo::SaveBaseAction::actCollection<class Book>(class Wt::Dbo::CollectionRef<class Book> const &)" (??$actCollection@VBook@@@SaveBaseAction@Dbo@Wt@@QEAAXAEBV?$CollectionRef@VBook@@@12@@Z).
ConsoleApplication1.obj : error LNK2019: ссылка на неразрешенный внешний символ "__declspec(dllimport) public: __cdecl Wt::Dbo::InitSchema::InitSchema(class Wt::Dbo::Session &,struct Wt::Dbo::Impl::MappingInfo &)" (__imp_??0InitSchema@Dbo@Wt@@QEAA@AEAVSession@12@AEAUMappingInfo@Impl@12@@Z) в функции "public: virtual void __cdecl Wt::Dbo::Session::Mapping<class Book>::init(class Wt::Dbo::Session &)" (?init@?$Mapping@VBook@@@Session@Dbo@Wt@@UEAAXAEAV234@@Z).
ConsoleApplication1.obj : error LNK2019: ссылка на неразрешенный внешний символ "__declspec(dllimport) public: void __cdecl Wt::Dbo::InitSchema::actMapping(struct Wt::Dbo::Impl::MappingInfo *)" (__imp_?actMapping@InitSchema@Dbo@Wt@@QEAAXPEAUMappingInfo@Impl@23@@Z) в функции "public: void __cdecl Wt::Dbo::PtrRef<class Book>::visit<class Wt::Dbo::InitSchema>(class Wt::Dbo::InitSchema &,class Wt::Dbo::Session *)const " (??$visit@VInitSchema@Dbo@Wt@@@?$PtrRef@VBook@@@Dbo@Wt@@QEBAXAEAVInitSchema@12@PEAVSession@12@@Z).
ConsoleApplication1.obj : error LNK2019: ссылка на неразрешенный внешний символ "__declspec(dllimport) public: bool __cdecl Wt::Dbo::InitSchema::setsValue(void)const " (__imp_?setsValue@InitSchema@Dbo@Wt@@QEBA_NXZ) в функции "public: void __cdecl Wt::Dbo::PtrRef<class Book>::visit<class Wt::Dbo::InitSchema>(class Wt::Dbo::InitSchema &,class Wt::Dbo::Session *)const " (??$visit@VInitSchema@Dbo@Wt@@@?$PtrRef@VBook@@@Dbo@Wt@@QEBAXAEAVInitSchema@12@PEAVSession@12@@Z).
ConsoleApplication1.obj : error LNK2019: ссылка на неразрешенный внешний символ "__declspec(dllimport) public: class Wt::Dbo::Session * __cdecl Wt::Dbo::InitSchema::session(void)" (__imp_?session@InitSchema@Dbo@Wt@@QEAAPEAVSession@23@XZ) в функции "void __cdecl Wt::Dbo::belongsToImpl<class Wt::Dbo::InitSchema,class Book>(class Wt::Dbo::InitSchema &,class Wt::Dbo::ptr<class Book> &,class std::basic_string<char,struct std::char_traits<char>,class std::allocator<char> > const &,int)" (??$belongsToImpl@VInitSchema@Dbo@Wt@@VBook@@@Dbo@Wt@@YAXAEAVInitSchema@01@AEAV?$ptr@VBook@@@01@AEBV?$basic_string@DU?$char_traits@D@std@@V?$allocator@D@2@@std@@H@Z).
ConsoleApplication1.obj : error LNK2019: ссылка на неразрешенный внешний символ "__declspec(dllimport) public: __cdecl Wt::Dbo::InitSchema::~InitSchema(void)" (__imp_??1InitSchema@Dbo@Wt@@QEAA@XZ) в функции "public: virtual void __cdecl Wt::Dbo::Session::Mapping<class Book>::init(class Wt::Dbo::Session &)" (?init@?$Mapping@VBook@@@Session@Dbo@Wt@@UEAAXAEAV234@@Z).
ConsoleApplication1.obj : error LNK2019: ссылка на неразрешенный внешний символ "__declspec(dllimport) public: __cdecl Wt::Dbo::DropSchema::DropSchema(class Wt::Dbo::Session &,struct Wt::Dbo::Impl::MappingInfo &,class std::set<class std::basic_string<char,struct std::char_traits<char>,class std::allocator<char> >,struct std::less<class std::basic_string<char,struct std::char_traits<char>,class std::allocator<char> > >,class std::allocator<class std::basic_string<char,struct std::char_traits<char>,class std::allocator<char> > > > &)" (__imp_??0DropSchema@Dbo@Wt@@QEAA@AEAVSession@12@AEAUMappingInfo@Impl@12@AEAV?$set@V?$basic_string@DU?$char_traits@D@std@@V?$allocator@D@2@@std@@U?$less@V?$basic_string@DU?$char_traits@D@std@@V?$allocator@D@2@@std@@@2@V?$allocator@V?$basic_string@DU?$char_traits@D@std@@V?$allocator@D@2@@std@@@2@@std@@@Z) в функции "public: void __cdecl Wt::Dbo::DropSchema::actCollection<class Book>(class Wt::Dbo::CollectionRef<class Book> const &)" (??$actCollection@VBook@@@DropSchema@Dbo@Wt@@QEAAXAEBV?$CollectionRef@VBook@@@12@@Z).
ConsoleApplication1.obj : error LNK2019: ссылка на неразрешенный внешний символ "__declspec(dllimport) public: class Wt::Dbo::Session * __cdecl Wt::Dbo::DropSchema::session(void)" (__imp_?session@DropSchema@Dbo@Wt@@QEAAPEAVSession@23@XZ) в функции "void __cdecl Wt::Dbo::belongsToImpl<class Wt::Dbo::DropSchema,class Book>(class Wt::Dbo::DropSchema &,class Wt::Dbo::ptr<class Book> &,class std::basic_string<char,struct std::char_traits<char>,class std::allocator<char> > const &,int)" (??$belongsToImpl@VDropSchema@Dbo@Wt@@VBook@@@Dbo@Wt@@YAXAEAVDropSchema@01@AEAV?$ptr@VBook@@@01@AEBV?$basic_string@DU?$char_traits@D@std@@V?$allocator@D@2@@std@@H@Z).
ConsoleApplication1.obj : error LNK2019: ссылка на неразрешенный внешний символ "__declspec(dllimport) private: void __cdecl Wt::Dbo::DropSchema::drop(class std::basic_string<char,struct std::char_traits<char>,class std::allocator<char> > const &)" (__imp_?drop@DropSchema@Dbo@Wt@@AEAAXAEBV?$basic_string@DU?$char_traits@D@std@@V?$allocator@D@2@@std@@@Z) в функции "public: void __cdecl Wt::Dbo::DropSchema::actCollection<class Book>(class Wt::Dbo::CollectionRef<class Book> const &)" (??$actCollection@VBook@@@DropSchema@Dbo@Wt@@QEAAXAEBV?$CollectionRef@VBook@@@12@@Z).
ConsoleApplication1.obj : error LNK2019: ссылка на неразрешенный внешний символ "__declspec(dllimport) public: void __cdecl Wt::Dbo::DboAction::actMapping(struct Wt::Dbo::Impl::MappingInfo *)" (__imp_?actMapping@DboAction@Dbo@Wt@@QEAAXPEAUMappingInfo@Impl@23@@Z) в функции "public: void __cdecl Wt::Dbo::PtrRef<class Book>::visit<class Wt::Dbo::LoadBaseAction>(class Wt::Dbo::LoadBaseAction &,class Wt::Dbo::Session *)const " (??$visit@VLoadBaseAction@Dbo@Wt@@@?$PtrRef@VBook@@@Dbo@Wt@@QEBAXAEAVLoadBaseAction@12@PEAVSession@12@@Z).
ConsoleApplication1.obj : error LNK2019: ссылка на неразрешенный внешний символ "__declspec(dllimport) public: bool __cdecl Wt::Dbo::DboAction::setsValue(void)const " (__imp_?setsValue@DboAction@Dbo@Wt@@QEBA_NXZ) в функции "public: void __cdecl Wt::Dbo::PtrRef<class Book>::visit<class Wt::Dbo::SaveBaseAction>(class Wt::Dbo::SaveBaseAction &,class Wt::Dbo::Session *)const " (??$visit@VSaveBaseAction@Dbo@Wt@@@?$PtrRef@VBook@@@Dbo@Wt@@QEBAXAEAVSaveBaseAction@12@PEAVSession@12@@Z).
ConsoleApplication1.obj : error LNK2019: ссылка на неразрешенный внешний символ "__declspec(dllimport) public: class Wt::Dbo::Session * __cdecl Wt::Dbo::DboAction::session(void)" (__imp_?session@DboAction@Dbo@Wt@@QEAAPEAVSession@23@XZ) в функции "public: void __cdecl Wt::Dbo::LoadBaseAction::act<int>(class Wt::Dbo::FieldRef<int> const &)" (??$act@H@LoadBaseAction@Dbo@Wt@@QEAAXAEBV?$FieldRef@H@12@@Z).
ConsoleApplication1.obj : error LNK2019: ссылка на неразрешенный внешний символ "__declspec(dllimport) protected: class Wt::Dbo::MetaDboBase & __cdecl Wt::Dbo::DboAction::dbo(void)" (__imp_?dbo@DboAction@Dbo@Wt@@IEAAAEAVMetaDboBase@23@XZ) в функции "public: void __cdecl Wt::Dbo::SaveBaseAction::actCollection<class Book>(class Wt::Dbo::CollectionRef<class Book> const &)" (??$actCollection@VBook@@@SaveBaseAction@Dbo@Wt@@QEAAXAEBV?$CollectionRef@VBook@@@12@@Z).
ConsoleApplication1.obj : error LNK2019: ссылка на неразрешенный внешний символ "__declspec(dllimport) protected: struct Wt::Dbo::Impl::MappingInfo & __cdecl Wt::Dbo::DboAction::mapping(void)" (__imp_?mapping@DboAction@Dbo@Wt@@IEAAAEAUMappingInfo@Impl@23@XZ) в функции "public: void __cdecl Wt::Dbo::SaveBaseAction::actCollection<class Book>(class Wt::Dbo::CollectionRef<class Book> const &)" (??$actCollection@VBook@@@SaveBaseAction@Dbo@Wt@@QEAAXAEBV?$CollectionRef@VBook@@@12@@Z).
ConsoleApplication1.obj : error LNK2019: ссылка на неразрешенный внешний символ "__declspec(dllimport) protected: int __cdecl Wt::Dbo::DboAction::setStatementIdx(void)const " (__imp_?setStatementIdx@DboAction@Dbo@Wt@@IEBAHXZ) в функции "public: void __cdecl Wt::Dbo::SaveBaseAction::actCollection<class Book>(class Wt::Dbo::CollectionRef<class Book> const &)" (??$actCollection@VBook@@@SaveBaseAction@Dbo@Wt@@QEAAXAEBV?$CollectionRef@VBook@@@12@@Z).
ConsoleApplication1.obj : error LNK2019: ссылка на неразрешенный внешний символ "__declspec(dllimport) public: __cdecl Wt::Dbo::LoadBaseAction::LoadBaseAction(class Wt::Dbo::MetaDboBase &,struct Wt::Dbo::Impl::MappingInfo &,class Wt::Dbo::SqlStatement *,int &)" (__imp_??0LoadBaseAction@Dbo@Wt@@QEAA@AEAVMetaDboBase@12@AEAUMappingInfo@Impl@12@PEAVSqlStatement@12@AEAH@Z) в функции "public: __cdecl Wt::Dbo::LoadDbAction<class Book>::LoadDbAction<class Book>(class Wt::Dbo::MetaDbo<class Book> &,struct Wt::Dbo::Session::Mapping<class Book> &,class Wt::Dbo::SqlStatement *,int &)" (??0?$LoadDbAction@VBook@@@Dbo@Wt@@QEAA@AEAV?$MetaDbo@VBook@@@12@AEAU?$Mapping@VBook@@@Session@12@PEAVSqlStatement@12@AEAH@Z).
ConsoleApplication1.obj : error LNK2019: ссылка на неразрешенный внешний символ "__declspec(dllimport) public: bool __cdecl Wt::Dbo::LoadBaseAction::setsValue(void)const " (__imp_?setsValue@LoadBaseAction@Dbo@Wt@@QEBA_NXZ) в функции "public: void __cdecl Wt::Dbo::PtrRef<class Book>::visit<class Wt::Dbo::LoadBaseAction>(class Wt::Dbo::LoadBaseAction &,class Wt::Dbo::Session *)const " (??$visit@VLoadBaseAction@Dbo@Wt@@@?$PtrRef@VBook@@@Dbo@Wt@@QEBAXAEAVLoadBaseAction@12@PEAVSession@12@@Z).
ConsoleApplication1.obj : error LNK2019: ссылка на неразрешенный внешний символ "__declspec(dllimport) protected: void __cdecl Wt::Dbo::LoadBaseAction::start(void)" (__imp_?start@LoadBaseAction@Dbo@Wt@@IEAAXXZ) в функции "public: void __cdecl Wt::Dbo::LoadDbAction<class Book>::visit(class Book &)" (?visit@?$LoadDbAction@VBook@@@Dbo@Wt@@QEAAXAEAVBook@@@Z).
ConsoleApplication1.obj : error LNK2019: ссылка на неразрешенный внешний символ "__declspec(dllimport) public: __cdecl Wt::Dbo::SaveBaseAction::SaveBaseAction(class Wt::Dbo::MetaDboBase &,struct Wt::Dbo::Impl::MappingInfo &,class Wt::Dbo::SqlStatement *,int)" (__imp_??0SaveBaseAction@Dbo@Wt@@QEAA@AEAVMetaDboBase@12@AEAUMappingInfo@Impl@12@PEAVSqlStatement@12@H@Z) в функции "public: __cdecl Wt::Dbo::SaveDbAction<class Book>::SaveDbAction<class Book>(class Wt::Dbo::MetaDbo<class Book> &,struct Wt::Dbo::Session::Mapping<class Book> &)" (??0?$SaveDbAction@VBook@@@Dbo@Wt@@QEAA@AEAV?$MetaDbo@VBook@@@12@AEAU?$Mapping@VBook@@@Session@12@@Z).
ConsoleApplication1.obj : error LNK2019: ссылка на неразрешенный внешний символ "__declspec(dllimport) public: int __cdecl Wt::Dbo::SaveBaseAction::column(void)const " (__imp_?column@SaveBaseAction@Dbo@Wt@@QEBAHXZ) в функции "public: virtual void __cdecl Wt::Dbo::MetaDbo<class Book>::bindId(class Wt::Dbo::SqlStatement *,int &)" (?bindId@?$MetaDbo@VBook@@@Dbo@Wt@@UEAAXPEAVSqlStatement@23@AEAH@Z).
ConsoleApplication1.obj : error LNK2019: ссылка на неразрешенный внешний символ "__declspec(dllimport) protected: void __cdecl Wt::Dbo::SaveBaseAction::startDependencyPass(void)" (__imp_?startDependencyPass@SaveBaseAction@Dbo@Wt@@IEAAXXZ) в функции "public: void __cdecl Wt::Dbo::SaveDbAction<class Book>::visit(class Book &)" (?visit@?$SaveDbAction@VBook@@@Dbo@Wt@@QEAAXAEAVBook@@@Z).
ConsoleApplication1.obj : error LNK2019: ссылка на неразрешенный внешний символ "__declspec(dllimport) protected: void __cdecl Wt::Dbo::SaveBaseAction::startSelfPass(void)" (__imp_?startSelfPass@SaveBaseAction@Dbo@Wt@@IEAAXXZ) в функции "public: void __cdecl Wt::Dbo::SaveDbAction<class Book>::visit(class Book &)" (?visit@?$SaveDbAction@VBook@@@Dbo@Wt@@QEAAXAEAVBook@@@Z).
ConsoleApplication1.obj : error LNK2019: ссылка на неразрешенный внешний символ "__declspec(dllimport) protected: void __cdecl Wt::Dbo::SaveBaseAction::startSetsPass(void)" (__imp_?startSetsPass@SaveBaseAction@Dbo@Wt@@IEAAXXZ) в функции "public: void __cdecl Wt::Dbo::SaveDbAction<class Book>::visit(class Book &)" (?visit@?$SaveDbAction@VBook@@@Dbo@Wt@@QEAAXAEAVBook@@@Z).
ConsoleApplication1.obj : error LNK2019: ссылка на неразрешенный внешний символ "__declspec(dllimport) protected: void __cdecl Wt::Dbo::SaveBaseAction::exec(void)" (__imp_?exec@SaveBaseAction@Dbo@Wt@@IEAAXXZ) в функции "public: void __cdecl Wt::Dbo::SaveDbAction<class Book>::visit(class Book &)" (?visit@?$SaveDbAction@VBook@@@Dbo@Wt@@QEAAXAEAVBook@@@Z).
ConsoleApplication1.obj : error LNK2019: ссылка на неразрешенный внешний символ "__declspec(dllimport) public: __cdecl Wt::Dbo::TransactionDoneAction::TransactionDoneAction(class Wt::Dbo::MetaDboBase &,class Wt::Dbo::Session &,struct Wt::Dbo::Impl::MappingInfo &,bool)" (__imp_??0TransactionDoneAction@Dbo@Wt@@QEAA@AEAVMetaDboBase@12@AEAVSession@12@AEAUMappingInfo@Impl@12@_N@Z) в функции "private: void __cdecl Wt::Dbo::Session::implTransactionDone<class Book>(class Wt::Dbo::MetaDbo<class Book> &,bool)" (??$implTransactionDone@VBook@@@Session@Dbo@Wt@@AEAAXAEAV?$MetaDbo@VBook@@@12@_N@Z).
ConsoleApplication1.obj : error LNK2019: ссылка на неразрешенный внешний символ "__declspec(dllimport) public: class Wt::Dbo::Session * __cdecl Wt::Dbo::TransactionDoneAction::session(void)" (__imp_?session@TransactionDoneAction@Dbo@Wt@@QEAAPEAVSession@23@XZ) в функции "void __cdecl Wt::Dbo::belongsToImpl<class Wt::Dbo::TransactionDoneAction,class Book>(class Wt::Dbo::TransactionDoneAction &,class Wt::Dbo::ptr<class Book> &,class std::basic_string<char,struct std::char_traits<char>,class std::allocator<char> > const &,int)" (??$belongsToImpl@VTransactionDoneAction@Dbo@Wt@@VBook@@@Dbo@Wt@@YAXAEAVTransactionDoneAction@01@AEAV?$ptr@VBook@@@01@AEBV?$basic_string@DU?$char_traits@D@std@@V?$allocator@D@2@@std@@H@Z).
ConsoleApplication1.obj : error LNK2019: ссылка на неразрешенный внешний символ "__declspec(dllimport) public: __cdecl Wt::Dbo::SessionAddAction::SessionAddAction(class Wt::Dbo::MetaDboBase &,struct Wt::Dbo::Impl::MappingInfo &)" (__imp_??0SessionAddAction@Dbo@Wt@@QEAA@AEAVMetaDboBase@12@AEAUMappingInfo@Impl@12@@Z) в функции "public: class Wt::Dbo::ptr<class Book> __cdecl Wt::Dbo::Session::add<class Book>(class Wt::Dbo::ptr<class Book> &)" (??$add@VBook@@@Session@Dbo@Wt@@QEAA?AV?$ptr@VBook@@@12@AEAV312@@Z).
ConsoleApplication1.obj : error LNK2019: ссылка на неразрешенный внешний символ "__declspec(dllimport) public: __cdecl Wt::Dbo::Exception::Exception(class std::basic_string<char,struct std::char_traits<char>,class std::allocator<char> > const &,class std::basic_string<char,struct std::char_traits<char>,class std::allocator<char> > const &)" (__imp_??0Exception@Dbo@Wt@@QEAA@AEBV?$basic_string@DU?$char_traits@D@std@@V?$allocator@D@2@@std@@0@Z) в функции "private: struct Wt::Dbo::Session::Mapping<class Book> * __cdecl Wt::Dbo::Session::getMapping<class Book>(void)const " (??$getMapping@VBook@@@Session@Dbo@Wt@@AEBAPEAU?$Mapping@VBook@@@012@XZ).
ConsoleApplication1.obj : error LNK2019: ссылка на неразрешенный внешний символ "__declspec(dllimport) public: __cdecl Wt::Dbo::StaleObjectException::StaleObjectException(class std::basic_string<char,struct std::char_traits<char>,class std::allocator<char> > const &,char const *,int)" (__imp_??0StaleObjectException@Dbo@Wt@@QEAA@AEBV?$basic_string@DU?$char_traits@D@std@@V?$allocator@D@2@@std@@PEBDH@Z) в функции "private: void __cdecl Wt::Dbo::Session::implDelete<class Book>(class Wt::Dbo::MetaDbo<class Book> &)" (??$implDelete@VBook@@@Session@Dbo@Wt@@AEAAXAEAV?$MetaDbo@VBook@@@12@@Z).
ConsoleApplication1.obj : error LNK2019: ссылка на неразрешенный внешний символ "__declspec(dllimport) public: __cdecl Wt::Dbo::ObjectNotFoundException::ObjectNotFoundException(char const *,class std::basic_string<char,struct std::char_traits<char>,class std::allocator<char> > const &)" (__imp_??0ObjectNotFoundException@Dbo@Wt@@QEAA@PEBDAEBV?$basic_string@DU?$char_traits@D@std@@V?$allocator@D@2@@std@@@Z) в функции "public: void __cdecl Wt::Dbo::LoadDbAction<class Book>::visit(class Book &)" (?visit@?$LoadDbAction@VBook@@@Dbo@Wt@@QEAAXAEAVBook@@@Z).
ConsoleApplication1.obj : error LNK2019: ссылка на неразрешенный внешний символ "__declspec(dllimport) public: static class std::basic_string<char,struct std::char_traits<char>,class std::allocator<char> > __cdecl Wt::Dbo::sql_value_traits<class std::basic_string<char,struct std::char_traits<char>,class std::allocator<char> >,void>::type(class Wt::Dbo::SqlConnection *,int)" (__imp_?type@?$sql_value_traits@V?$basic_string@DU?$char_traits@D@std@@V?$allocator@D@2@@std@@X@Dbo@Wt@@SA?AV?$basic_string@DU?$char_traits@D@std@@V?$allocator@D@2@@std@@PEAVSqlConnection@23@H@Z) в функции "public: class std::basic_string<char,struct std::char_traits<char>,class std::allocator<char> > __cdecl Wt::Dbo::FieldRef<class std::basic_string<char,struct std::char_traits<char>,class std::allocator<char> > >::sqlType(class Wt::Dbo::Session &)const " (?sqlType@?$FieldRef@V?$basic_string@DU?$char_traits@D@std@@V?$allocator@D@2@@std@@@Dbo@Wt@@QEBA?AV?$basic_string@DU?$char_traits@D@std@@V?$allocator@D@2@@std@@AEAVSession@23@@Z).
ConsoleApplication1.obj : error LNK2019: ссылка на неразрешенный внешний символ "__declspec(dllimport) public: static void __cdecl Wt::Dbo::sql_value_traits<class std::basic_string<char,struct std::char_traits<char>,class std::allocator<char> >,void>::bind(class std::basic_string<char,struct std::char_traits<char>,class std::allocator<char> > const &,class Wt::Dbo::SqlStatement *,int,int)" (__imp_?bind@?$sql_value_traits@V?$basic_string@DU?$char_traits@D@std@@V?$allocator@D@2@@std@@X@Dbo@Wt@@SAXAEBV?$basic_string@DU?$char_traits@D@std@@V?$allocator@D@2@@std@@PEAVSqlStatement@23@HH@Z) в функции "public: void __cdecl Wt::Dbo::FieldRef<class std::basic_string<char,struct std::char_traits<char>,class std::allocator<char> > >::bindValue(class Wt::Dbo::SqlStatement *,int)const " (?bindValue@?$FieldRef@V?$basic_string@DU?$char_traits@D@std@@V?$allocator@D@2@@std@@@Dbo@Wt@@QEBAXPEAVSqlStatement@23@H@Z).
ConsoleApplication1.obj : error LNK2019: ссылка на неразрешенный внешний символ "__declspec(dllimport) public: static bool __cdecl Wt::Dbo::sql_value_traits<class std::basic_string<char,struct std::char_traits<char>,class std::allocator<char> >,void>::read(class std::basic_string<char,struct std::char_traits<char>,class std::allocator<char> > &,class Wt::Dbo::SqlStatement *,int,int)" (__imp_?read@?$sql_value_traits@V?$basic_string@DU?$char_traits@D@std@@V?$allocator@D@2@@std@@X@Dbo@Wt@@SA_NAEAV?$basic_string@DU?$char_traits@D@std@@V?$allocator@D@2@@std@@PEAVSqlStatement@23@HH@Z) в функции "public: void __cdecl Wt::Dbo::FieldRef<class std::basic_string<char,struct std::char_traits<char>,class std::allocator<char> > >::setValue(class Wt::Dbo::Session &,class Wt::Dbo::SqlStatement *,int)const " (?setValue@?$FieldRef@V?$basic_string@DU?$char_traits@D@std@@V?$allocator@D@2@@std@@@Dbo@Wt@@QEBAXAEAVSession@23@PEAVSqlStatement@23@H@Z).
ConsoleApplication1.obj : error LNK2019: ссылка на неразрешенный внешний символ "__declspec(dllimport) public: static class std::basic_string<char,struct std::char_traits<char>,class std::allocator<char> > __cdecl Wt::Dbo::sql_value_traits<__int64,void>::type(class Wt::Dbo::SqlConnection *,int)" (__imp_?type@?$sql_value_traits@_JX@Dbo@Wt@@SA?AV?$basic_string@DU?$char_traits@D@std@@V?$allocator@D@2@@std@@PEAVSqlConnection@23@H@Z) в функции "public: class std::basic_string<char,struct std::char_traits<char>,class std::allocator<char> > __cdecl Wt::Dbo::FieldRef<__int64>::sqlType(class Wt::Dbo::Session &)const " (?sqlType@?$FieldRef@_J@Dbo@Wt@@QEBA?AV?$basic_string@DU?$char_traits@D@std@@V?$allocator@D@2@@std@@AEAVSession@23@@Z).
ConsoleApplication1.obj : error LNK2019: ссылка на неразрешенный внешний символ "__declspec(dllimport) public: static void __cdecl Wt::Dbo::sql_value_traits<__int64,void>::bind(__int64,class Wt::Dbo::SqlStatement *,int,int)" (__imp_?bind@?$sql_value_traits@_JX@Dbo@Wt@@SAX_JPEAVSqlStatement@23@HH@Z) в функции "public: void __cdecl Wt::Dbo::FieldRef<__int64>::bindValue(class Wt::Dbo::SqlStatement *,int)const " (?bindValue@?$FieldRef@_J@Dbo@Wt@@QEBAXPEAVSqlStatement@23@H@Z).
ConsoleApplication1.obj : error LNK2019: ссылка на неразрешенный внешний символ "__declspec(dllimport) public: static bool __cdecl Wt::Dbo::sql_value_traits<__int64,void>::read(__int64 &,class Wt::Dbo::SqlStatement *,int,int)" (__imp_?read@?$sql_value_traits@_JX@Dbo@Wt@@SA_NAEA_JPEAVSqlStatement@23@HH@Z) в функции "public: void __cdecl Wt::Dbo::FieldRef<__int64>::setValue(class Wt::Dbo::Session &,class Wt::Dbo::SqlStatement *,int)const " (?setValue@?$FieldRef@_J@Dbo@Wt@@QEBAXAEAVSession@23@PEAVSqlStatement@23@H@Z).
ConsoleApplication1.obj : error LNK2019: ссылка на неразрешенный внешний символ "__declspec(dllimport) public: static char const * __cdecl Wt::Dbo::sql_value_traits<int,void>::type(class Wt::Dbo::SqlConnection *,int)" (__imp_?type@?$sql_value_traits@HX@Dbo@Wt@@SAPEBDPEAVSqlConnection@23@H@Z) в функции "public: class std::basic_string<char,struct std::char_traits<char>,class std::allocator<char> > __cdecl Wt::Dbo::FieldRef<int>::sqlType(class Wt::Dbo::Session &)const " (?sqlType@?$FieldRef@H@Dbo@Wt@@QEBA?AV?$basic_string@DU?$char_traits@D@std@@V?$allocator@D@2@@std@@AEAVSession@23@@Z).
ConsoleApplication1.obj : error LNK2019: ссылка на неразрешенный внешний символ "__declspec(dllimport) public: static void __cdecl Wt::Dbo::sql_value_traits<int,void>::bind(int,class Wt::Dbo::SqlStatement *,int,int)" (__imp_?bind@?$sql_value_traits@HX@Dbo@Wt@@SAXHPEAVSqlStatement@23@HH@Z) в функции "public: void __cdecl Wt::Dbo::FieldRef<int>::bindValue(class Wt::Dbo::SqlStatement *,int)const " (?bindValue@?$FieldRef@H@Dbo@Wt@@QEBAXPEAVSqlStatement@23@H@Z).
ConsoleApplication1.obj : error LNK2019: ссылка на неразрешенный внешний символ "__declspec(dllimport) public: static bool __cdecl Wt::Dbo::sql_value_traits<int,void>::read(int &,class Wt::Dbo::SqlStatement *,int,int)" (__imp_?read@?$sql_value_traits@HX@Dbo@Wt@@SA_NAEAHPEAVSqlStatement@23@HH@Z) в функции "public: void __cdecl Wt::Dbo::FieldRef<int>::setValue(class Wt::Dbo::Session &,class Wt::Dbo::SqlStatement *,int)const " (?setValue@?$FieldRef@H@Dbo@Wt@@QEBAXAEAVSession@23@PEAVSqlStatement@23@H@Z).
ConsoleApplication1.obj : error LNK2019: ссылка на неразрешенный внешний символ "__declspec(dllimport) class std::basic_string<char,struct std::char_traits<char>,class std::allocator<char> > __cdecl Wt::Dbo::Impl::createJoinName(enum Wt::Dbo::RelationType,char const *,char const *)" (__imp_?createJoinName@Impl@Dbo@Wt@@YA?AV?$basic_string@DU?$char_traits@D@std@@V?$allocator@D@2@@std@@W4RelationType@23@PEBD1@Z) в функции "public: void __cdecl Wt::Dbo::DropSchema::actCollection<class Book>(class Wt::Dbo::CollectionRef<class Book> const &)" (??$actCollection@VBook@@@DropSchema@Dbo@Wt@@QEAAXAEBV?$CollectionRef@VBook@@@12@@Z).
ConsoleApplication1.obj : error LNK2019: ссылка на неразрешенный внешний символ "__declspec(dllimport) class std::basic_string<char,struct std::char_traits<char>,class std::allocator<char> > __cdecl Wt::Dbo::Impl::completeQuerySelectSql(class std::basic_string<char,struct std::char_traits<char>,class std::allocator<char> > const &,class std::basic_string<char,struct std::char_traits<char>,class std::allocator<char> > const &,class std::basic_string<char,struct std::char_traits<char>,class std::allocator<char> > const &,class std::basic_string<char,struct std::char_traits<char>,class std::allocator<char> > const &,class std::basic_string<char,struct std::char_traits<char>,class std::allocator<char> > const &,class std::basic_string<char,struct std::char_traits<char>,class std::allocator<char> > const &,int,int,class std::vector<class Wt::Dbo::FieldInfo,class std::allocator<class Wt::Dbo::FieldInfo> > const &,enum Wt::Dbo::LimitQuery)" (__imp_?completeQuerySelectSql@Impl@Dbo@Wt@@YA?AV?$basic_string@DU?$char_traits@D@std@@V?$allocator@D@2@@std@@AEBV45@00000HHAEBV?$vector@VFieldInfo@Dbo@Wt@@V?$allocator@VFieldInfo@Dbo@Wt@@@std@@@5@W4LimitQuery@23@@Z) в функции "protected: class std::basic_string<char,struct std::char_traits<char>,class std::allocator<char> > __cdecl Wt::Dbo::Impl::QueryBase<class Wt::Dbo::ptr<class Book> >::createQuerySelectSql(class std::basic_string<char,struct std::char_traits<char>,class std::allocator<char> > const &,class std::basic_string<char,struct std::char_traits<char>,class std::allocator<char> > const &,class std::basic_string<char,struct std::char_traits<char>,class std::allocator<char> > const &,class std::basic_string<char,struct std::char_traits<char>,class std::allocator<char> > const &,class std::basic_string<char,struct std::char_traits<char>,class std::allocator<char> > const &,int,int)const " (?createQuerySelectSql@?$QueryBase@V?$ptr@VBook@@@Dbo@Wt@@@Impl@Dbo@Wt@@IEBA?AV?$basic_string@DU?$char_traits@D@std@@V?$allocator@D@2@@std@@AEBV56@0000HH@Z).
ConsoleApplication1.obj : error LNK2019: ссылка на неразрешенный внешний символ "__declspec(dllimport) class std::basic_string<char,struct std::char_traits<char>,class std::allocator<char> > __cdecl Wt::Dbo::Impl::createQuerySelectSql(class std::basic_string<char,struct std::char_traits<char>,class std::allocator<char> > const &,class std::basic_string<char,struct std::char_traits<char>,class std::allocator<char> > const &,class std::basic_string<char,struct std::char_traits<char>,class std::allocator<char> > const &,class std::basic_string<char,struct std::char_traits<char>,class std::allocator<char> > const &,class std::basic_string<char,struct std::char_traits<char>,class std::allocator<char> > const &,class std::basic_string<char,struct std::char_traits<char>,class std::allocator<char> > const &,int,int,class std::vector<class Wt::Dbo::FieldInfo,class std::allocator<class Wt::Dbo::FieldInfo> > const &,enum Wt::Dbo::LimitQuery)" (__imp_?createQuerySelectSql@Impl@Dbo@Wt@@YA?AV?$basic_string@DU?$char_traits@D@std@@V?$allocator@D@2@@std@@AEBV45@00000HHAEBV?$vector@VFieldInfo@Dbo@Wt@@V?$allocator@VFieldInfo@Dbo@Wt@@@std@@@5@W4LimitQuery@23@@Z) в функции "protected: class std::basic_string<char,struct std::char_traits<char>,class std::allocator<char> > __cdecl Wt::Dbo::Impl::QueryBase<class Wt::Dbo::ptr<class Book> >::createQuerySelectSql(class std::basic_string<char,struct std::char_traits<char>,class std::allocator<char> > const &,class std::basic_string<char,struct std::char_traits<char>,class std::allocator<char> > const &,class std::basic_string<char,struct std::char_traits<char>,class std::allocator<char> > const &,class std::basic_string<char,struct std::char_traits<char>,class std::allocator<char> > const &,class std::basic_string<char,struct std::char_traits<char>,class std::allocator<char> > const &,int,int)const " (?createQuerySelectSql@?$QueryBase@V?$ptr@VBook@@@Dbo@Wt@@@Impl@Dbo@Wt@@IEBA?AV?$basic_string@DU?$char_traits@D@std@@V?$allocator@D@2@@std@@AEBV56@0000HH@Z).
ConsoleApplication1.obj : error LNK2019: ссылка на неразрешенный внешний символ "__declspec(dllimport) class std::basic_string<char,struct std::char_traits<char>,class std::allocator<char> > __cdecl Wt::Dbo::Impl::createQueryCountSql(class std::basic_string<char,struct std::char_traits<char>,class std::allocator<char> > const &,bool)" (__imp_?createQueryCountSql@Impl@Dbo@Wt@@YA?AV?$basic_string@DU?$char_traits@D@std@@V?$allocator@D@2@@std@@AEBV45@_N@Z) в функции "protected: struct std::pair<class Wt::Dbo::SqlStatement *,class Wt::Dbo::SqlStatement *> __cdecl Wt::Dbo::Impl::QueryBase<class Wt::Dbo::ptr<class Book> >::statements(class std::basic_string<char,struct std::char_traits<char>,class std::allocator<char> > const &,class std::basic_string<char,struct std::char_traits<char>,class std::allocator<char> > const &,class std::basic_string<char,struct std::char_traits<char>,class std::allocator<char> > const &,class std::basic_string<char,struct std::char_traits<char>,class std::allocator<char> > const &,class std::basic_string<char,struct std::char_traits<char>,class std::allocator<char> > const &,int,int)const " (?statements@?$QueryBase@V?$ptr@VBook@@@Dbo@Wt@@@Impl@Dbo@Wt@@IEBA?AU?$pair@PEAVSqlStatement@Dbo@Wt@@PEAV123@@std@@AEBV?$basic_string@DU?$char_traits@D@std@@V?$allocator@D@2@@6@0000HH@Z).
ConsoleApplication1.obj : error LNK2019: ссылка на неразрешенный внешний символ "__declspec(dllimport) void __cdecl Wt::Dbo::Impl::substituteFields(class std::vector<struct Wt::Dbo::Impl::SelectField,class std::allocator<struct Wt::Dbo::Impl::SelectField> > const &,class std::vector<class Wt::Dbo::FieldInfo,class std::allocator<class Wt::Dbo::FieldInfo> > const &,class std::basic_string<char,struct std::char_traits<char>,class std::allocator<char> > &,int &)" (__imp_?substituteFields@Impl@Dbo@Wt@@YAXAEBV?$vector@USelectField@Impl@Dbo@Wt@@V?$allocator@USelectField@Impl@Dbo@Wt@@@std@@@std@@AEBV?$vector@VFieldInfo@Dbo@Wt@@V?$allocator@VFieldInfo@Dbo@Wt@@@std@@@5@AEAV?$basic_string@DU?$char_traits@D@std@@V?$allocator@D@2@@5@AEAH@Z) в функции "protected: class std::basic_string<char,struct std::char_traits<char>,class std::allocator<char> > __cdecl Wt::Dbo::Impl::QueryBase<class Wt::Dbo::ptr<class Book> >::createQuerySelectSql(class std::basic_string<char,struct std::char_traits<char>,class std::allocator<char> > const &,class std::basic_string<char,struct std::char_traits<char>,class std::allocator<char> > const &,class std::basic_string<char,struct std::char_traits<char>,class std::allocator<char> > const &,class std::basic_string<char,struct std::char_traits<char>,class std::allocator<char> > const &,class std::basic_string<char,struct std::char_traits<char>,class std::allocator<char> > const &,int,int)const " (?createQuerySelectSql@?$QueryBase@V?$ptr@VBook@@@Dbo@Wt@@@Impl@Dbo@Wt@@IEBA?AV?$basic_string@DU?$char_traits@D@std@@V?$allocator@D@2@@std@@AEBV56@0000HH@Z).
ConsoleApplication1.obj : error LNK2019: ссылка на неразрешенный внешний символ "__declspec(dllimport) public: __cdecl Wt::Dbo::backend::Postgres::Postgres(class std::basic_string<char,struct std::char_traits<char>,class std::allocator<char> > const &)" (__imp_??0Postgres@backend@Dbo@Wt@@QEAA@AEBV?$basic_string@DU?$char_traits@D@std@@V?$allocator@D@2@@std@@@Z) в функции "class std::unique_ptr<class Wt::Dbo::backend::Postgres,struct std::default_delete<class Wt::Dbo::backend::Postgres> > __cdecl std::make_unique<class Wt::Dbo::backend::Postgres,class std::basic_string<char,struct std::char_traits<char>,class std::allocator<char> > &,0>(class std::basic_string<char,struct std::char_traits<char>,class std::allocator<char> > &)" (??$make_unique@VPostgres@backend@Dbo@Wt@@AEAV?$basic_string@DU?$char_traits@D@std@@V?$allocator@D@2@@std@@$0A@@std@@YA?AV?$unique_ptr@VPostgres@backend@Dbo@Wt@@U?$default_delete@VPostgres@backend@Dbo@Wt@@@std@@@0@AEAV?$basic_string@DU?$char_traits@D@std@@V?$allocator@D@2@@0@@Z).
ConsoleApplication1.obj : error LNK2019: ссылка на неразрешенный внешний символ "__declspec(dllimport) public: virtual __cdecl Wt::Dbo::backend::Postgres::~Postgres(void)" (__imp_??1Postgres@backend@Dbo@Wt@@UEAA@XZ) в функции "public: virtual void * __cdecl Wt::Dbo::backend::Postgres::`scalar deleting destructor'(unsigned int)" (??_GPostgres@backend@Dbo@Wt@@UEAAPEAXI@Z).
ConsoleApplication1.obj : error LNK2001: неразрешенный внешний символ "public: __cdecl Wt::Dbo::Exception::Exception(class Wt::Dbo::Exception const &)" (??0Exception@Dbo@Wt@@QEAA@AEBV012@@Z).
ConsoleApplication1.obj : error LNK2001: неразрешенный внешний символ "public: virtual __cdecl Wt::Dbo::StaleObjectException::~StaleObjectException(void)" (??1StaleObjectException@Dbo@Wt@@UEAA@XZ).
ConsoleApplication1.obj : error LNK2001: неразрешенный внешний символ "public: __cdecl Wt::Dbo::StaleObjectException::StaleObjectException(class Wt::Dbo::StaleObjectException const &)" (??0StaleObjectException@Dbo@Wt@@QEAA@AEBV012@@Z).
ConsoleApplication1.obj : error LNK2001: неразрешенный внешний символ "public: virtual __cdecl Wt::Dbo::ObjectNotFoundException::~ObjectNotFoundException(void)" (??1ObjectNotFoundException@Dbo@Wt@@UEAA@XZ).
ConsoleApplication1.obj : error LNK2001: неразрешенный внешний символ "public: __cdecl Wt::Dbo::ObjectNotFoundException::ObjectNotFoundException(class Wt::Dbo::ObjectNotFoundException const &)" (??0ObjectNotFoundException@Dbo@Wt@@QEAA@AEBV012@@Z).
ConsoleApplication1.obj : error LNK2001: неразрешенный внешний символ "public: virtual class std::unique_ptr<class Wt::Dbo::SqlConnection,struct std::default_delete<class Wt::Dbo::SqlConnection> > __cdecl Wt::Dbo::backend::Postgres::clone(void)const " (?clone@Postgres@backend@Dbo@Wt@@UEBA?AV?$unique_ptr@VSqlConnection@Dbo@Wt@@U?$default_delete@VSqlConnection@Dbo@Wt@@@std@@@std@@XZ).
ConsoleApplication1.obj : error LNK2001: неразрешенный внешний символ "public: virtual void __cdecl Wt::Dbo::backend::Postgres::executeSql(class std::basic_string<char,struct std::char_traits<char>,class std::allocator<char> > const &)" (?executeSql@Postgres@backend@Dbo@Wt@@UEAAXAEBV?$basic_string@DU?$char_traits@D@std@@V?$allocator@D@2@@std@@@Z).
ConsoleApplication1.obj : error LNK2001: неразрешенный внешний символ "public: virtual void __cdecl Wt::Dbo::backend::Postgres::startTransaction(void)" (?startTransaction@Postgres@backend@Dbo@Wt@@UEAAXXZ).
ConsoleApplication1.obj : error LNK2001: неразрешенный внешний символ "public: virtual void __cdecl Wt::Dbo::backend::Postgres::commitTransaction(void)" (?commitTransaction@Postgres@backend@Dbo@Wt@@UEAAXXZ).
ConsoleApplication1.obj : error LNK2001: неразрешенный внешний символ "public: virtual void __cdecl Wt::Dbo::backend::Postgres::rollbackTransaction(void)" (?rollbackTransaction@Postgres@backend@Dbo@Wt@@UEAAXXZ).
ConsoleApplication1.obj : error LNK2001: неразрешенный внешний символ "public: virtual class std::unique_ptr<class Wt::Dbo::SqlStatement,struct std::default_delete<class Wt::Dbo::SqlStatement> > __cdecl Wt::Dbo::backend::Postgres::prepareStatement(class std::basic_string<char,struct std::char_traits<char>,class std::allocator<char> > const &)" (?prepareStatement@Postgres@backend@Dbo@Wt@@UEAA?AV?$unique_ptr@VSqlStatement@Dbo@Wt@@U?$default_delete@VSqlStatement@Dbo@Wt@@@std@@@std@@AEBV?$basic_string@DU?$char_traits@D@std@@V?$allocator@D@2@@6@@Z).
ConsoleApplication1.obj : error LNK2001: неразрешенный внешний символ "public: virtual class std::basic_string<char,struct std::char_traits<char>,class std::allocator<char> > __cdecl Wt::Dbo::backend::Postgres::autoincrementSql(void)const " (?autoincrementSql@Postgres@backend@Dbo@Wt@@UEBA?AV?$basic_string@DU?$char_traits@D@std@@V?$allocator@D@2@@std@@XZ).
ConsoleApplication1.obj : error LNK2001: неразрешенный внешний символ "public: virtual class std::vector<class std::basic_string<char,struct std::char_traits<char>,class std::allocator<char> >,class std::allocator<class std::basic_string<char,struct std::char_traits<char>,class std::allocator<char> > > > __cdecl Wt::Dbo::backend::Postgres::autoincrementCreateSequenceSql(class std::basic_string<char,struct std::char_traits<char>,class std::allocator<char> > const &,class std::basic_string<char,struct std::char_traits<char>,class std::allocator<char> > const &)const " (?autoincrementCreateSequenceSql@Postgres@backend@Dbo@Wt@@UEBA?AV?$vector@V?$basic_string@DU?$char_traits@D@std@@V?$allocator@D@2@@std@@V?$allocator@V?$basic_string@DU?$char_traits@D@std@@V?$allocator@D@2@@std@@@2@@std@@AEBV?$basic_string@DU?$char_traits@D@std@@V?$allocator@D@2@@6@0@Z).
ConsoleApplication1.obj : error LNK2001: неразрешенный внешний символ "public: virtual class std::vector<class std::basic_string<char,struct std::char_traits<char>,class std::allocator<char> >,class std::allocator<class std::basic_string<char,struct std::char_traits<char>,class std::allocator<char> > > > __cdecl Wt::Dbo::backend::Postgres::autoincrementDropSequenceSql(class std::basic_string<char,struct std::char_traits<char>,class std::allocator<char> > const &,class std::basic_string<char,struct std::char_traits<char>,class std::allocator<char> > const &)const " (?autoincrementDropSequenceSql@Postgres@backend@Dbo@Wt@@UEBA?AV?$vector@V?$basic_string@DU?$char_traits@D@std@@V?$allocator@D@2@@std@@V?$allocator@V?$basic_string@DU?$char_traits@D@std@@V?$allocator@D@2@@std@@@2@@std@@AEBV?$basic_string@DU?$char_traits@D@std@@V?$allocator@D@2@@6@0@Z).
ConsoleApplication1.obj : error LNK2001: неразрешенный внешний символ "public: virtual class std::basic_string<char,struct std::char_traits<char>,class std::allocator<char> > __cdecl Wt::Dbo::backend::Postgres::autoincrementType(void)const " (?autoincrementType@Postgres@backend@Dbo@Wt@@UEBA?AV?$basic_string@DU?$char_traits@D@std@@V?$allocator@D@2@@std@@XZ).
ConsoleApplication1.obj : error LNK2001: неразрешенный внешний символ "public: virtual class std::basic_string<char,struct std::char_traits<char>,class std::allocator<char> > __cdecl Wt::Dbo::backend::Postgres::autoincrementInsertSuffix(class std::basic_string<char,struct std::char_traits<char>,class std::allocator<char> > const &)const " (?autoincrementInsertSuffix@Postgres@backend@Dbo@Wt@@UEBA?AV?$basic_string@DU?$char_traits@D@std@@V?$allocator@D@2@@std@@AEBV56@@Z).
ConsoleApplication1.obj : error LNK2001: неразрешенный внешний символ "public: virtual char const * __cdecl Wt::Dbo::backend::Postgres::dateTimeType(enum Wt::Dbo::SqlDateTimeType)const " (?dateTimeType@Postgres@backend@Dbo@Wt@@UEBAPEBDW4SqlDateTimeType@34@@Z).
ConsoleApplication1.obj : error LNK2001: неразрешенный внешний символ "public: virtual char const * __cdecl Wt::Dbo::backend::Postgres::blobType(void)const " (?blobType@Postgres@backend@Dbo@Wt@@UEBAPEBDXZ).
ConsoleApplication1.obj : error LNK2001: неразрешенный внешний символ "public: virtual bool __cdecl Wt::Dbo::backend::Postgres::supportAlterTable(void)const " (?supportAlterTable@Postgres@backend@Dbo@Wt@@UEBA_NXZ).
ConsoleApplication1.obj : error LNK2001: неразрешенный внешний символ "public: virtual bool __cdecl Wt::Dbo::backend::Postgres::supportDeferrableFKConstraint(void)const " (?supportDeferrableFKConstraint@Postgres@backend@Dbo@Wt@@UEBA_NXZ).
ConsoleApplication1.obj : error LNK2001: неразрешенный внешний символ "public: virtual bool __cdecl Wt::Dbo::backend::Postgres::requireSubqueryAlias(void)const " (?requireSubqueryAlias@Postgres@backend@Dbo@Wt@@UEBA_NXZ).
ConsoleApplication1.obj : error LNK2001: неразрешенный внешний символ "public: virtual __cdecl Wt::Dbo::Exception::~Exception(void)" (??1Exception@Dbo@Wt@@UEAA@XZ).
ConsoleApplication1.obj : error LNK2001: неразрешенный внешний символ "public: virtual void __cdecl Wt::Dbo::SqlConnection::executeSqlStateful(class std::basic_string<char,struct std::char_traits<char>,class std::allocator<char> > const &)" (?executeSqlStateful@SqlConnection@Dbo@Wt@@UEAAXAEBV?$basic_string@DU?$char_traits@D@std@@V?$allocator@D@2@@std@@@Z).
ConsoleApplication1.obj : error LNK2001: неразрешенный внешний символ "public: virtual class Wt::Dbo::SqlStatement * __cdecl Wt::Dbo::SqlConnection::getStatement(class std::basic_string<char,struct std::char_traits<char>,class std::allocator<char> > const &)const " (?getStatement@SqlConnection@Dbo@Wt@@UEBAPEAVSqlStatement@23@AEBV?$basic_string@DU?$char_traits@D@std@@V?$allocator@D@2@@std@@@Z).
ConsoleApplication1.obj : error LNK2001: неразрешенный внешний символ "public: virtual void __cdecl Wt::Dbo::SqlConnection::saveStatement(class std::basic_string<char,struct std::char_traits<char>,class std::allocator<char> > const &,class std::unique_ptr<class Wt::Dbo::SqlStatement,struct std::default_delete<class Wt::Dbo::SqlStatement> >)" (?saveStatement@SqlConnection@Dbo@Wt@@UEAAXAEBV?$basic_string@DU?$char_traits@D@std@@V?$allocator@D@2@@std@@V?$unique_ptr@VSqlStatement@Dbo@Wt@@U?$default_delete@VSqlStatement@Dbo@Wt@@@std@@@5@@Z).
ConsoleApplication1.obj : error LNK2001: неразрешенный внешний символ "public: virtual class std::basic_string<char,struct std::char_traits<char>,class std::allocator<char> > __cdecl Wt::Dbo::SqlConnection::autoincrementInsertInfix(class std::basic_string<char,struct std::char_traits<char>,class std::allocator<char> > const &)const " (?autoincrementInsertInfix@SqlConnection@Dbo@Wt@@UEBA?AV?$basic_string@DU?$char_traits@D@std@@V?$allocator@D@2@@std@@AEBV45@@Z).
ConsoleApplication1.obj : error LNK2001: неразрешенный внешний символ "public: virtual void __cdecl Wt::Dbo::SqlConnection::prepareForDropTables(void)" (?prepareForDropTables@SqlConnection@Dbo@Wt@@UEAAXXZ).
ConsoleApplication1.obj : error LNK2001: неразрешенный внешний символ "public: virtual class std::basic_string<char,struct std::char_traits<char>,class std::allocator<char> > __cdecl Wt::Dbo::SqlConnection::textType(int)const " (?textType@SqlConnection@Dbo@Wt@@UEBA?AV?$basic_string@DU?$char_traits@D@std@@V?$allocator@D@2@@std@@H@Z).
ConsoleApplication1.obj : error LNK2001: неразрешенный внешний символ "public: virtual class std::basic_string<char,struct std::char_traits<char>,class std::allocator<char> > __cdecl Wt::Dbo::SqlConnection::longLongType(void)const " (?longLongType@SqlConnection@Dbo@Wt@@UEBA?AV?$basic_string@DU?$char_traits@D@std@@V?$allocator@D@2@@std@@XZ).
ConsoleApplication1.obj : error LNK2001: неразрешенный внешний символ "public: virtual char const * __cdecl Wt::Dbo::SqlConnection::booleanType(void)const " (?booleanType@SqlConnection@Dbo@Wt@@UEBAPEBDXZ).
ConsoleApplication1.obj : error LNK2001: неразрешенный внешний символ "public: virtual bool __cdecl Wt::Dbo::SqlConnection::supportUpdateCascade(void)const " (?supportUpdateCascade@SqlConnection@Dbo@Wt@@UEBA_NXZ).
ConsoleApplication1.obj : error LNK2001: неразрешенный внешний символ "public: virtual enum Wt::Dbo::LimitQuery __cdecl Wt::Dbo::SqlConnection::limitQueryMethod(void)const " (?limitQueryMethod@SqlConnection@Dbo@Wt@@UEBA?AW4LimitQuery@23@XZ).
ConsoleApplication1.obj : error LNK2001: неразрешенный внешний символ "public: virtual bool __cdecl Wt::Dbo::SqlConnection::usesRowsFromTo(void)const " (?usesRowsFromTo@SqlConnection@Dbo@Wt@@UEBA_NXZ).
ConsoleApplication1.obj : error LNK2001: неразрешенный внешний символ "public: virtual char const * __cdecl Wt::Dbo::SqlConnection::alterTableConstraintString(void)const " (?alterTableConstraintString@SqlConnection@Dbo@Wt@@UEBAPEBDXZ).
C:\Program Files\Wt 4.10.2 msvs2017 x64\lib\wtdbopostgresd.lib : warning LNK4272: тип компьютера библиотеки "x64" конфликтует с типом целевого компьютера "ARM64"
C:\Program Files\Wt 4.10.2 msvs2017 x64\lib\wtdbod.lib : warning LNK4272: тип компьютера библиотеки "x64" конфликтует с типом целевого компьютера "ARM64"
C:\Temp\ConsoleApplication1\ARM64\Debug\ConsoleApplication1.exe : fatal error LNK1120: неразрешенных внешних элементов: 145
