  WTDBO.cpp
C:\Program Files\Wt 4.10.2 msvs2022 x64\include\Wt\Dbo\SqlTraits.h(266,15): warning C4251: Wt::Dbo::FieldInfo::name_: class "std::basic_string<char,std::char_traits<char>,std::allocator<char>>" должен иметь dll-интерфейс для использования клиентами class "Wt::Dbo::FieldInfo"
E:\Visual Studio\VS\VC\Tools\MSVC\14.37.32822\include\xstring(5119,29): message : см. объявление "std::basic_string<char,std::char_traits<char>,std::allocator<char>>"
C:\Program Files\Wt 4.10.2 msvs2022 x64\include\Wt\Dbo\SqlTraits.h(266,22): warning C4251: Wt::Dbo::FieldInfo::sqlType_: class "std::basic_string<char,std::char_traits<char>,std::allocator<char>>" должен иметь dll-интерфейс для использования клиентами class "Wt::Dbo::FieldInfo"
E:\Visual Studio\VS\VC\Tools\MSVC\14.37.32822\include\xstring(5119,29): message : см. объявление "std::basic_string<char,std::char_traits<char>,std::allocator<char>>"
C:\Program Files\Wt 4.10.2 msvs2022 x64\include\Wt\Dbo\SqlTraits.h(266,32): warning C4251: Wt::Dbo::FieldInfo::qualifier_: class "std::basic_string<char,std::char_traits<char>,std::allocator<char>>" должен иметь dll-интерфейс для использования клиентами class "Wt::Dbo::FieldInfo"
E:\Visual Studio\VS\VC\Tools\MSVC\14.37.32822\include\xstring(5119,29): message : см. объявление "std::basic_string<char,std::char_traits<char>,std::allocator<char>>"
C:\Program Files\Wt 4.10.2 msvs2022 x64\include\Wt\Dbo\SqlTraits.h(267,15): warning C4251: Wt::Dbo::FieldInfo::foreignKeyName_: class "std::basic_string<char,std::char_traits<char>,std::allocator<char>>" должен иметь dll-интерфейс для использования клиентами class "Wt::Dbo::FieldInfo"
E:\Visual Studio\VS\VC\Tools\MSVC\14.37.32822\include\xstring(5119,29): message : см. объявление "std::basic_string<char,std::char_traits<char>,std::allocator<char>>"
C:\Program Files\Wt 4.10.2 msvs2022 x64\include\Wt\Dbo\SqlTraits.h(267,32): warning C4251: Wt::Dbo::FieldInfo::foreignKeyTable_: class "std::basic_string<char,std::char_traits<char>,std::allocator<char>>" должен иметь dll-интерфейс для использования клиентами class "Wt::Dbo::FieldInfo"
E:\Visual Studio\VS\VC\Tools\MSVC\14.37.32822\include\xstring(5119,29): message : см. объявление "std::basic_string<char,std::char_traits<char>,std::allocator<char>>"
C:\Program Files\Wt 4.10.2 msvs2022 x64\include\Wt\Dbo\Query.h(272,15): warning C4251: Wt::Dbo::AbstractQuery::join_: class "std::basic_string<char,std::char_traits<char>,std::allocator<char>>" должен иметь dll-интерфейс для использования клиентами class "Wt::Dbo::AbstractQuery"
E:\Visual Studio\VS\VC\Tools\MSVC\14.37.32822\include\xstring(5119,29): message : см. объявление "std::basic_string<char,std::char_traits<char>,std::allocator<char>>"
C:\Program Files\Wt 4.10.2 msvs2022 x64\include\Wt\Dbo\Query.h(272,22): warning C4251: Wt::Dbo::AbstractQuery::where_: class "std::basic_string<char,std::char_traits<char>,std::allocator<char>>" должен иметь dll-интерфейс для использования клиентами class "Wt::Dbo::AbstractQuery"
E:\Visual Studio\VS\VC\Tools\MSVC\14.37.32822\include\xstring(5119,29): message : см. объявление "std::basic_string<char,std::char_traits<char>,std::allocator<char>>"
C:\Program Files\Wt 4.10.2 msvs2022 x64\include\Wt\Dbo\Query.h(272,30): warning C4251: Wt::Dbo::AbstractQuery::groupBy_: class "std::basic_string<char,std::char_traits<char>,std::allocator<char>>" должен иметь dll-интерфейс для использования клиентами class "Wt::Dbo::AbstractQuery"
E:\Visual Studio\VS\VC\Tools\MSVC\14.37.32822\include\xstring(5119,29): message : см. объявление "std::basic_string<char,std::char_traits<char>,std::allocator<char>>"
C:\Program Files\Wt 4.10.2 msvs2022 x64\include\Wt\Dbo\Query.h(272,40): warning C4251: Wt::Dbo::AbstractQuery::having_: class "std::basic_string<char,std::char_traits<char>,std::allocator<char>>" должен иметь dll-интерфейс для использования клиентами class "Wt::Dbo::AbstractQuery"
E:\Visual Studio\VS\VC\Tools\MSVC\14.37.32822\include\xstring(5119,29): message : см. объявление "std::basic_string<char,std::char_traits<char>,std::allocator<char>>"
C:\Program Files\Wt 4.10.2 msvs2022 x64\include\Wt\Dbo\Query.h(272,49): warning C4251: Wt::Dbo::AbstractQuery::orderBy_: class "std::basic_string<char,std::char_traits<char>,std::allocator<char>>" должен иметь dll-интерфейс для использования клиентами class "Wt::Dbo::AbstractQuery"
E:\Visual Studio\VS\VC\Tools\MSVC\14.37.32822\include\xstring(5119,29): message : см. объявление "std::basic_string<char,std::char_traits<char>,std::allocator<char>>"
C:\Program Files\Wt 4.10.2 msvs2022 x64\include\Wt\Dbo\Query.h(283,38): warning C4251: Wt::Dbo::AbstractQuery::parameters_: class "std::vector<Wt::Dbo::Impl::ParameterBase *,std::allocator<Wt::Dbo::Impl::ParameterBase *>>" должен иметь dll-интерфейс для использования клиентами class "Wt::Dbo::AbstractQuery"
C:\Program Files\Wt 4.10.2 msvs2022 x64\include\Wt\Dbo\ptr.h(98,28): message : см. объявление "std::vector<Wt::Dbo::Impl::ParameterBase *,std::allocator<Wt::Dbo::Impl::ParameterBase *>>"
C:\Program Files\Wt 4.10.2 msvs2022 x64\include\Wt\Dbo\SqlConnection.h(317,16): warning C4251: Wt::Dbo::SqlConnection::statementCache_: class "std::multimap<std::string,std::unique_ptr<Wt::Dbo::SqlStatement,std::default_delete<Wt::Dbo::SqlStatement>>,std::less<std::string>,std::allocator<std::pair<const std::string,std::unique_ptr<Wt::Dbo::SqlStatement,std::default_delete<Wt::Dbo::SqlStatement>>>>>" должен иметь dll-интерфейс для использования клиентами class "Wt::Dbo::SqlConnection"
C:\Program Files\Wt 4.10.2 msvs2022 x64\include\Wt\Dbo\SqlConnection.h(315,16): message : см. объявление "std::multimap<std::string,std::unique_ptr<Wt::Dbo::SqlStatement,std::default_delete<Wt::Dbo::SqlStatement>>,std::less<std::string>,std::allocator<std::pair<const std::string,std::unique_ptr<Wt::Dbo::SqlStatement,std::default_delete<Wt::Dbo::SqlStatement>>>>>"
C:\Program Files\Wt 4.10.2 msvs2022 x64\include\Wt\Dbo\SqlConnection.h(318,38): warning C4251: Wt::Dbo::SqlConnection::properties_: class "std::map<std::string,std::string,std::less<std::string>,std::allocator<std::pair<const std::string,std::string>>>" должен иметь dll-интерфейс для использования клиентами class "Wt::Dbo::SqlConnection"
C:\Program Files\Wt 4.10.2 msvs2022 x64\include\Wt\Dbo\SqlConnection.h(318,8): message : см. объявление "std::map<std::string,std::string,std::less<std::string>,std::allocator<std::pair<const std::string,std::string>>>"
C:\Program Files\Wt 4.10.2 msvs2022 x64\include\Wt\Dbo\SqlConnection.h(319,28): warning C4251: Wt::Dbo::SqlConnection::statefulSql_: class "std::vector<std::string,std::allocator<std::string>>" должен иметь dll-интерфейс для использования клиентами class "Wt::Dbo::SqlConnection"
C:\Program Files\Wt 4.10.2 msvs2022 x64\include\Wt\Dbo\SqlTraits.h(302,30): message : см. объявление "std::vector<std::string,std::allocator<std::string>>"
C:\Program Files\Wt 4.10.2 msvs2022 x64\include\Wt\Dbo\Session.h(38,21): warning C4251: Wt::Dbo::Impl::SetInfo::joinName: class "std::basic_string<char,std::char_traits<char>,std::allocator<char>>" должен иметь dll-интерфейс для использования клиентами struct "Wt::Dbo::Impl::SetInfo"
E:\Visual Studio\VS\VC\Tools\MSVC\14.37.32822\include\xstring(5119,29): message : см. объявление "std::basic_string<char,std::char_traits<char>,std::allocator<char>>"
C:\Program Files\Wt 4.10.2 msvs2022 x64\include\Wt\Dbo\Session.h(39,21): warning C4251: Wt::Dbo::Impl::SetInfo::joinSelfId: class "std::basic_string<char,std::char_traits<char>,std::allocator<char>>" должен иметь dll-интерфейс для использования клиентами struct "Wt::Dbo::Impl::SetInfo"
E:\Visual Studio\VS\VC\Tools\MSVC\14.37.32822\include\xstring(5119,29): message : см. объявление "std::basic_string<char,std::char_traits<char>,std::allocator<char>>"
C:\Program Files\Wt 4.10.2 msvs2022 x64\include\Wt\Dbo\Session.h(39,33): warning C4251: Wt::Dbo::Impl::SetInfo::joinOtherId: class "std::basic_string<char,std::char_traits<char>,std::allocator<char>>" должен иметь dll-интерфейс для использования клиентами struct "Wt::Dbo::Impl::SetInfo"
E:\Visual Studio\VS\VC\Tools\MSVC\14.37.32822\include\xstring(5119,29): message : см. объявление "std::basic_string<char,std::char_traits<char>,std::allocator<char>>"
C:\Program Files\Wt 4.10.2 msvs2022 x64\include\Wt\Dbo\Session.h(56,21): warning C4251: Wt::Dbo::Impl::MappingInfo::naturalIdFieldName: class "std::basic_string<char,std::char_traits<char>,std::allocator<char>>" должен иметь dll-интерфейс для использования клиентами struct "Wt::Dbo::Impl::MappingInfo"
E:\Visual Studio\VS\VC\Tools\MSVC\14.37.32822\include\xstring(5119,29): message : см. объявление "std::basic_string<char,std::char_traits<char>,std::allocator<char>>"
C:\Program Files\Wt 4.10.2 msvs2022 x64\include\Wt\Dbo\Session.h(59,21): warning C4251: Wt::Dbo::Impl::MappingInfo::idCondition: class "std::basic_string<char,std::char_traits<char>,std::allocator<char>>" должен иметь dll-интерфейс для использования клиентами struct "Wt::Dbo::Impl::MappingInfo"
E:\Visual Studio\VS\VC\Tools\MSVC\14.37.32822\include\xstring(5119,29): message : см. объявление "std::basic_string<char,std::char_traits<char>,std::allocator<char>>"
C:\Program Files\Wt 4.10.2 msvs2022 x64\include\Wt\Dbo\Session.h(61,32): warning C4251: Wt::Dbo::Impl::MappingInfo::fields: class "std::vector<Wt::Dbo::FieldInfo,std::allocator<Wt::Dbo::FieldInfo>>" должен иметь dll-интерфейс для использования клиентами struct "Wt::Dbo::Impl::MappingInfo"
C:\Program Files\Wt 4.10.2 msvs2022 x64\include\Wt\Dbo\SqlTraits.h(303,30): message : см. объявление "std::vector<Wt::Dbo::FieldInfo,std::allocator<Wt::Dbo::FieldInfo>>"
C:\Program Files\Wt 4.10.2 msvs2022 x64\include\Wt\Dbo\Session.h(62,30): warning C4251: Wt::Dbo::Impl::MappingInfo::sets: class "std::vector<Wt::Dbo::Impl::SetInfo,std::allocator<Wt::Dbo::Impl::SetInfo>>" должен иметь dll-интерфейс для использования клиентами struct "Wt::Dbo::Impl::MappingInfo"
C:\Program Files\Wt 4.10.2 msvs2022 x64\include\Wt\Dbo\Session.h(62,14): message : см. объявление "std::vector<Wt::Dbo::Impl::SetInfo,std::allocator<Wt::Dbo::Impl::SetInfo>>"
C:\Program Files\Wt 4.10.2 msvs2022 x64\include\Wt\Dbo\Session.h(64,34): warning C4251: Wt::Dbo::Impl::MappingInfo::statements: class "std::vector<std::string,std::allocator<std::string>>" должен иметь dll-интерфейс для использования клиентами struct "Wt::Dbo::Impl::MappingInfo"
C:\Program Files\Wt 4.10.2 msvs2022 x64\include\Wt\Dbo\SqlTraits.h(302,30): message : см. объявление "std::vector<std::string,std::allocator<std::string>>"
C:\Program Files\Wt 4.10.2 msvs2022 x64\include\Wt\Dbo\Session.h(510,23): warning C4251: Wt::Dbo::Session::longlongType_: class "std::basic_string<char,std::char_traits<char>,std::allocator<char>>" должен иметь dll-интерфейс для использования клиентами class "Wt::Dbo::Session"
E:\Visual Studio\VS\VC\Tools\MSVC\14.37.32822\include\xstring(5119,29): message : см. объявление "std::basic_string<char,std::char_traits<char>,std::allocator<char>>"
C:\Program Files\Wt 4.10.2 msvs2022 x64\include\Wt\Dbo\Session.h(511,23): warning C4251: Wt::Dbo::Session::intType_: class "std::basic_string<char,std::char_traits<char>,std::allocator<char>>" должен иметь dll-интерфейс для использования клиентами class "Wt::Dbo::Session"
E:\Visual Studio\VS\VC\Tools\MSVC\14.37.32822\include\xstring(5119,29): message : см. объявление "std::basic_string<char,std::char_traits<char>,std::allocator<char>>"
C:\Program Files\Wt 4.10.2 msvs2022 x64\include\Wt\Dbo\Session.h(557,17): warning C4251: Wt::Dbo::Session::classRegistry_: class "std::map<Wt::Dbo::Session::const_typeinfo_ptr,Wt::Dbo::Impl::MappingInfo *,Wt::Dbo::Session::typecomp,std::allocator<std::pair<const Wt::Dbo::Session::const_typeinfo_ptr,Wt::Dbo::Impl::MappingInfo *>>>" должен иметь dll-интерфейс для использования клиентами class "Wt::Dbo::Session"
C:\Program Files\Wt 4.10.2 msvs2022 x64\include\Wt\Dbo\Session.h(553,16): message : см. объявление "std::map<Wt::Dbo::Session::const_typeinfo_ptr,Wt::Dbo::Impl::MappingInfo *,Wt::Dbo::Session::typecomp,std::allocator<std::pair<const Wt::Dbo::Session::const_typeinfo_ptr,Wt::Dbo::Impl::MappingInfo *>>>"
C:\Program Files\Wt 4.10.2 msvs2022 x64\include\Wt\Dbo\Session.h(558,17): warning C4251: Wt::Dbo::Session::tableRegistry_: class "std::map<std::string,Wt::Dbo::Impl::MappingInfo *,std::less<std::string>,std::allocator<std::pair<const std::string,Wt::Dbo::Impl::MappingInfo *>>>" должен иметь dll-интерфейс для использования клиентами class "Wt::Dbo::Session"
C:\Program Files\Wt 4.10.2 msvs2022 x64\include\Wt\Dbo\Session.h(555,16): message : см. объявление "std::map<std::string,Wt::Dbo::Impl::MappingInfo *,std::less<std::string>,std::allocator<std::pair<const std::string,Wt::Dbo::Impl::MappingInfo *>>>"
C:\Program Files\Wt 4.10.2 msvs2022 x64\include\Wt\Dbo\Session.h(564,29): warning C4251: Wt::Dbo::Session::objectsToAdd_: class "std::vector<Wt::Dbo::MetaDboBase *,std::allocator<Wt::Dbo::MetaDboBase *>>" должен иметь dll-интерфейс для использования клиентами class "Wt::Dbo::Session"
C:\Program Files\Wt 4.10.2 msvs2022 x64\include\Wt\Dbo\Session.h(564,8): message : см. объявление "std::vector<Wt::Dbo::MetaDboBase *,std::allocator<Wt::Dbo::MetaDboBase *>>"
C:\Program Files\Wt 4.10.2 msvs2022 x64\include\Wt\Dbo\Session.h(565,34): warning C4251: Wt::Dbo::Session::connection_: class "std::unique_ptr<Wt::Dbo::SqlConnection,std::default_delete<Wt::Dbo::SqlConnection>>" должен иметь dll-интерфейс для использования клиентами class "Wt::Dbo::Session"
C:\Program Files\Wt 4.10.2 msvs2022 x64\include\Wt\Dbo\Transaction.h(149,10): message : см. объявление "std::unique_ptr<Wt::Dbo::SqlConnection,std::default_delete<Wt::Dbo::SqlConnection>>"
C:\Program Files\Wt 4.10.2 msvs2022 x64\include\Wt\Dbo\DbAction.h(63,15): warning C4251: Wt::Dbo::InitSchema::foreignKeyTable_: class "std::basic_string<char,std::char_traits<char>,std::allocator<char>>" должен иметь dll-интерфейс для использования клиентами class "Wt::Dbo::InitSchema"
E:\Visual Studio\VS\VC\Tools\MSVC\14.37.32822\include\xstring(5119,29): message : см. объявление "std::basic_string<char,std::char_traits<char>,std::allocator<char>>"
C:\Program Files\Wt 4.10.2 msvs2022 x64\include\Wt\Dbo\DbAction.h(63,33): warning C4251: Wt::Dbo::InitSchema::foreignKeyName_: class "std::basic_string<char,std::char_traits<char>,std::allocator<char>>" должен иметь dll-интерфейс для использования клиентами class "Wt::Dbo::InitSchema"
E:\Visual Studio\VS\VC\Tools\MSVC\14.37.32822\include\xstring(5119,29): message : см. объявление "std::basic_string<char,std::char_traits<char>,std::allocator<char>>"
C:\Program Files\Wt 4.10.2 msvs2022 x64\include\Wt\Dbo\Exception.h(24,41): warning C4275: class "std::runtime_error", не являющийся dll-интерфейсом, использован в качестве базового для dll-интерфейса class "Wt::Dbo::Exception"
E:\Visual Studio\VS\VC\Tools\MSVC\14.37.32822\include\stdexcept(101,19): message : см. объявление "std::runtime_error"
C:\Program Files\Wt 4.10.2 msvs2022 x64\include\Wt\Dbo\Exception.h(24,17): message : см. объявление "Wt::Dbo::Exception"
C:\Program Files\Wt 4.10.2 msvs2022 x64\include\Wt\Dbo\Exception.h(44,15): warning C4251: Wt::Dbo::Exception::code_: class "std::basic_string<char,std::char_traits<char>,std::allocator<char>>" должен иметь dll-интерфейс для использования клиентами class "Wt::Dbo::Exception"
E:\Visual Studio\VS\VC\Tools\MSVC\14.37.32822\include\xstring(5119,29): message : см. объявление "std::basic_string<char,std::char_traits<char>,std::allocator<char>>"
C:\Program Files\Wt 4.10.2 msvs2022 x64\include\Wt\Dbo\backend\Postgres.h(160,15): warning C4251: Wt::Dbo::backend::Postgres::connInfo_: class "std::basic_string<char,std::char_traits<char>,std::allocator<char>>" должен иметь dll-интерфейс для использования клиентами class "Wt::Dbo::backend::Postgres"
E:\Visual Studio\VS\VC\Tools\MSVC\14.37.32822\include\xstring(5119,29): message : см. объявление "std::basic_string<char,std::char_traits<char>,std::allocator<char>>"
C:\Program Files\Wt 4.10.2 msvs2022 x64\include\Wt\Dbo\backend\Postgres.h(162,29): warning C4251: Wt::Dbo::backend::Postgres::timeout_: class "std::chrono::duration<__int64,std::micro>" должен иметь dll-интерфейс для использования клиентами class "Wt::Dbo::backend::Postgres"
E:\Visual Studio\VS\VC\Tools\MSVC\14.37.32822\include\__msvc_chrono.hpp(511,38): message : см. объявление "std::chrono::duration<__int64,std::micro>"
C:\Program Files\Wt 4.10.2 msvs2022 x64\include\Wt\Dbo\backend\Postgres.h(163,24): warning C4251: Wt::Dbo::backend::Postgres::maximumLifetime_: class "std::chrono::duration<__int64,std::ratio<1,1>>" должен иметь dll-интерфейс для использования клиентами class "Wt::Dbo::backend::Postgres"
E:\Visual Studio\VS\VC\Tools\MSVC\14.37.32822\include\__msvc_chrono.hpp(513,38): message : см. объявление "std::chrono::duration<__int64,std::ratio<1,1>>"
C:\Program Files\Wt 4.10.2 msvs2022 x64\include\Wt\Dbo\backend\Postgres.h(164,41): warning C4251: Wt::Dbo::backend::Postgres::connectTime_: class "std::chrono::time_point<std::chrono::steady_clock,std::chrono::nanoseconds>" должен иметь dll-интерфейс для использования клиентами class "Wt::Dbo::backend::Postgres"
E:\Visual Studio\VS\VC\Tools\MSVC\14.37.32822\include\__msvc_chrono.hpp(666,51): message : см. объявление "std::chrono::time_point<std::chrono::steady_clock,std::chrono::nanoseconds>"
C:\Users\Sergey\Desktop\Code\Работа с базами данных\05 С++ и БД ORM\WTDBO\WTDBO\WTDBO.cpp(16,10): error C2760: синтаксическая ошибка: непредвиденный элемент ":". Ожидается ";"
C:\Users\Sergey\Desktop\Code\Работа с базами данных\05 С++ и БД ORM\WTDBO\WTDBO\WTDBO.cpp(15,7): message : Сообщение диагностики возникло в созданной компилятором функции "void Publisher::persist(Action &)"
C:\Users\Sergey\Desktop\Code\Работа с базами данных\05 С++ и БД ORM\WTDBO\WTDBO\WTDBO.cpp(16,10): error C3878: синтаксическая ошибка: непредвиденный маркер ":" после "expression_statement"
C:\Users\Sergey\Desktop\Code\Работа с базами данных\05 С++ и БД ORM\WTDBO\WTDBO\WTDBO.cpp(15,7): message : Сообщение диагностики возникло в созданной компилятором функции "void Publisher::persist(Action &)"
C:\Users\Sergey\Desktop\Code\Работа с базами данных\05 С++ и БД ORM\WTDBO\WTDBO\WTDBO.cpp(16,10): message : пропущено восстановление ошибки: ":"
C:\Users\Sergey\Desktop\Code\Работа с базами данных\05 С++ и БД ORM\WTDBO\WTDBO\WTDBO.cpp(15,7): message : Сообщение диагностики возникло в созданной компилятором функции "void Publisher::persist(Action &)"
C:\Users\Sergey\Desktop\Code\Работа с базами данных\05 С++ и БД ORM\WTDBO\WTDBO\WTDBO.cpp(26,25): error C2059: синтаксическая ошибка: >
C:\Users\Sergey\Desktop\Code\Работа с базами данных\05 С++ и БД ORM\WTDBO\WTDBO\WTDBO.cpp(26,37): error C2238: непредвиденные лексемы перед ";"
C:\Users\Sergey\Desktop\Code\Работа с базами данных\05 С++ и БД ORM\WTDBO\WTDBO\WTDBO.cpp(30,10): error C2760: синтаксическая ошибка: непредвиденный элемент ":". Ожидается ";"
C:\Users\Sergey\Desktop\Code\Работа с базами данных\05 С++ и БД ORM\WTDBO\WTDBO\WTDBO.cpp(29,7): message : Сообщение диагностики возникло в созданной компилятором функции "void Book::persist(Action &)"
C:\Users\Sergey\Desktop\Code\Работа с базами данных\05 С++ и БД ORM\WTDBO\WTDBO\WTDBO.cpp(30,10): error C3878: синтаксическая ошибка: непредвиденный маркер ":" после "expression_statement"
C:\Users\Sergey\Desktop\Code\Работа с базами данных\05 С++ и БД ORM\WTDBO\WTDBO\WTDBO.cpp(29,7): message : Сообщение диагностики возникло в созданной компилятором функции "void Book::persist(Action &)"
C:\Users\Sergey\Desktop\Code\Работа с базами данных\05 С++ и БД ORM\WTDBO\WTDBO\WTDBO.cpp(30,10): message : пропущено восстановление ошибки: ":"
C:\Users\Sergey\Desktop\Code\Работа с базами данных\05 С++ и БД ORM\WTDBO\WTDBO\WTDBO.cpp(29,7): message : Сообщение диагностики возникло в созданной компилятором функции "void Book::persist(Action &)"
C:\Users\Sergey\Desktop\Code\Работа с базами данных\05 С++ и БД ORM\WTDBO\WTDBO\WTDBO.cpp(30,20): error C2065: name: необъявленный идентификатор
C:\Users\Sergey\Desktop\Code\Работа с базами данных\05 С++ и БД ORM\WTDBO\WTDBO\WTDBO.cpp(29,7): message : Сообщение диагностики возникло в созданной компилятором функции "void Book::persist(Action &)"
C:\Users\Sergey\Desktop\Code\Работа с базами данных\05 С++ и БД ORM\WTDBO\WTDBO\WTDBO.cpp(31,25): error C2065: publisher: необъявленный идентификатор
C:\Users\Sergey\Desktop\Code\Работа с базами данных\05 С++ и БД ORM\WTDBO\WTDBO\WTDBO.cpp(29,7): message : Сообщение диагностики возникло в созданной компилятором функции "void Book::persist(Action &)"
C:\Users\Sergey\Desktop\Code\Работа с базами данных\05 С++ и БД ORM\WTDBO\WTDBO\WTDBO.cpp(43,10): error C2760: синтаксическая ошибка: непредвиденный элемент ":". Ожидается ";"
C:\Users\Sergey\Desktop\Code\Работа с базами данных\05 С++ и БД ORM\WTDBO\WTDBO\WTDBO.cpp(42,7): message : Сообщение диагностики возникло в созданной компилятором функции "void Shop::persist(Action &)"
C:\Users\Sergey\Desktop\Code\Работа с базами данных\05 С++ и БД ORM\WTDBO\WTDBO\WTDBO.cpp(43,10): error C3878: синтаксическая ошибка: непредвиденный маркер ":" после "expression_statement"
C:\Users\Sergey\Desktop\Code\Работа с базами данных\05 С++ и БД ORM\WTDBO\WTDBO\WTDBO.cpp(42,7): message : Сообщение диагностики возникло в созданной компилятором функции "void Shop::persist(Action &)"
C:\Users\Sergey\Desktop\Code\Работа с базами данных\05 С++ и БД ORM\WTDBO\WTDBO\WTDBO.cpp(43,10): message : пропущено восстановление ошибки: ":"
C:\Users\Sergey\Desktop\Code\Работа с базами данных\05 С++ и БД ORM\WTDBO\WTDBO\WTDBO.cpp(42,7): message : Сообщение диагностики возникло в созданной компилятором функции "void Shop::persist(Action &)"
C:\Users\Sergey\Desktop\Code\Работа с базами данных\05 С++ и БД ORM\WTDBO\WTDBO\WTDBO.cpp(58,10): error C2760: синтаксическая ошибка: непредвиденный элемент ":". Ожидается ";"
C:\Users\Sergey\Desktop\Code\Работа с базами данных\05 С++ и БД ORM\WTDBO\WTDBO\WTDBO.cpp(57,7): message : Сообщение диагностики возникло в созданной компилятором функции "void Stock::persist(Action &)"
C:\Users\Sergey\Desktop\Code\Работа с базами данных\05 С++ и БД ORM\WTDBO\WTDBO\WTDBO.cpp(58,10): error C3878: синтаксическая ошибка: непредвиденный маркер ":" после "expression_statement"
C:\Users\Sergey\Desktop\Code\Работа с базами данных\05 С++ и БД ORM\WTDBO\WTDBO\WTDBO.cpp(57,7): message : Сообщение диагностики возникло в созданной компилятором функции "void Stock::persist(Action &)"
C:\Users\Sergey\Desktop\Code\Работа с базами данных\05 С++ и БД ORM\WTDBO\WTDBO\WTDBO.cpp(58,10): message : пропущено восстановление ошибки: ":"
C:\Users\Sergey\Desktop\Code\Работа с базами данных\05 С++ и БД ORM\WTDBO\WTDBO\WTDBO.cpp(57,7): message : Сообщение диагностики возникло в созданной компилятором функции "void Stock::persist(Action &)"
C:\Users\Sergey\Desktop\Code\Работа с базами данных\05 С++ и БД ORM\WTDBO\WTDBO\WTDBO.cpp(58,20): error C2065: name: необъявленный идентификатор
C:\Users\Sergey\Desktop\Code\Работа с базами данных\05 С++ и БД ORM\WTDBO\WTDBO\WTDBO.cpp(57,7): message : Сообщение диагностики возникло в созданной компилятором функции "void Stock::persist(Action &)"
C:\Users\Sergey\Desktop\Code\Работа с базами данных\05 С++ и БД ORM\WTDBO\WTDBO\WTDBO.cpp(75,10): error C2760: синтаксическая ошибка: непредвиденный элемент ":". Ожидается ";"
C:\Users\Sergey\Desktop\Code\Работа с базами данных\05 С++ и БД ORM\WTDBO\WTDBO\WTDBO.cpp(74,7): message : Сообщение диагностики возникло в созданной компилятором функции "void Sale::persist(Action &)"
C:\Users\Sergey\Desktop\Code\Работа с базами данных\05 С++ и БД ORM\WTDBO\WTDBO\WTDBO.cpp(75,10): error C3878: синтаксическая ошибка: непредвиденный маркер ":" после "expression_statement"
C:\Users\Sergey\Desktop\Code\Работа с базами данных\05 С++ и БД ORM\WTDBO\WTDBO\WTDBO.cpp(74,7): message : Сообщение диагностики возникло в созданной компилятором функции "void Sale::persist(Action &)"
C:\Users\Sergey\Desktop\Code\Работа с базами данных\05 С++ и БД ORM\WTDBO\WTDBO\WTDBO.cpp(75,10): message : пропущено восстановление ошибки: ":"
C:\Users\Sergey\Desktop\Code\Работа с базами данных\05 С++ и БД ORM\WTDBO\WTDBO\WTDBO.cpp(74,7): message : Сообщение диагностики возникло в созданной компилятором функции "void Sale::persist(Action &)"
C:\Users\Sergey\Desktop\Code\Работа с базами данных\05 С++ и БД ORM\WTDBO\WTDBO\WTDBO.cpp(76,10): error C2760: синтаксическая ошибка: непредвиденный элемент ":". Ожидается ";"
C:\Users\Sergey\Desktop\Code\Работа с базами данных\05 С++ и БД ORM\WTDBO\WTDBO\WTDBO.cpp(74,7): message : Сообщение диагностики возникло в созданной компилятором функции "void Sale::persist(Action &)"
C:\Users\Sergey\Desktop\Code\Работа с базами данных\05 С++ и БД ORM\WTDBO\WTDBO\WTDBO.cpp(76,10): error C3878: синтаксическая ошибка: непредвиденный маркер ":" после "expression_statement"
C:\Users\Sergey\Desktop\Code\Работа с базами данных\05 С++ и БД ORM\WTDBO\WTDBO\WTDBO.cpp(74,7): message : Сообщение диагностики возникло в созданной компилятором функции "void Sale::persist(Action &)"
C:\Users\Sergey\Desktop\Code\Работа с базами данных\05 С++ и БД ORM\WTDBO\WTDBO\WTDBO.cpp(76,10): message : пропущено восстановление ошибки: ":"
C:\Users\Sergey\Desktop\Code\Работа с базами данных\05 С++ и БД ORM\WTDBO\WTDBO\WTDBO.cpp(74,7): message : Сообщение диагностики возникло в созданной компилятором функции "void Sale::persist(Action &)"
C:\Users\Sergey\Desktop\Code\Работа с базами данных\05 С++ и БД ORM\WTDBO\WTDBO\WTDBO.cpp(77,10): error C2760: синтаксическая ошибка: непредвиденный элемент ":". Ожидается ";"
C:\Users\Sergey\Desktop\Code\Работа с базами данных\05 С++ и БД ORM\WTDBO\WTDBO\WTDBO.cpp(74,7): message : Сообщение диагностики возникло в созданной компилятором функции "void Sale::persist(Action &)"
C:\Users\Sergey\Desktop\Code\Работа с базами данных\05 С++ и БД ORM\WTDBO\WTDBO\WTDBO.cpp(77,10): error C3878: синтаксическая ошибка: непредвиденный маркер ":" после "expression_statement"
C:\Users\Sergey\Desktop\Code\Работа с базами данных\05 С++ и БД ORM\WTDBO\WTDBO\WTDBO.cpp(74,7): message : Сообщение диагностики возникло в созданной компилятором функции "void Sale::persist(Action &)"
C:\Users\Sergey\Desktop\Code\Работа с базами данных\05 С++ и БД ORM\WTDBO\WTDBO\WTDBO.cpp(77,10): message : пропущено восстановление ошибки: ":"
C:\Users\Sergey\Desktop\Code\Работа с базами данных\05 С++ и БД ORM\WTDBO\WTDBO\WTDBO.cpp(74,7): message : Сообщение диагностики возникло в созданной компилятором функции "void Sale::persist(Action &)"
C:\Users\Sergey\Desktop\Code\Работа с базами данных\05 С++ и БД ORM\WTDBO\WTDBO\WTDBO.cpp(88,59): error C2672: "std::make_unique": не найдена соответствующая перегруженная функция
E:\Visual Studio\VS\VC\Tools\MSVC\14.37.32822\include\memory(3487,6): message : может быть "void std::make_unique(_Types &&...)"
C:\Users\Sergey\Desktop\Code\Работа с базами данных\05 С++ и БД ORM\WTDBO\WTDBO\WTDBO.cpp(88,59): message : "void std::make_unique(_Types &&...)": не удается вывести аргумент шаблон для "_Ty"
E:\Visual Studio\VS\VC\Tools\MSVC\14.37.32822\include\memory(3481,57): message : или       "std::unique_ptr<_Ty,std::default_delete<_Ty>> std::make_unique(const size_t)"
C:\Users\Sergey\Desktop\Code\Работа с базами данных\05 С++ и БД ORM\WTDBO\WTDBO\WTDBO.cpp(88,59): message : "std::unique_ptr<_Ty,std::default_delete<_Ty>> std::make_unique(const size_t)": не удается вывести аргумент шаблон для "_Ty"
E:\Visual Studio\VS\VC\Tools\MSVC\14.37.32822\include\memory(3476,57): message : или       "std::unique_ptr<_Ty,std::default_delete<_Ty>> std::make_unique(_Types &&...)"
C:\Users\Sergey\Desktop\Code\Работа с базами данных\05 С++ и БД ORM\WTDBO\WTDBO\WTDBO.cpp(88,59): message : "std::unique_ptr<_Ty,std::default_delete<_Ty>> std::make_unique(_Types &&...)": не удается вывести аргумент шаблон для "_Ty"
C:\Users\Sergey\Desktop\Code\Работа с базами данных\05 С++ и БД ORM\WTDBO\WTDBO\WTDBO.cpp(110,22): error C2665: "Wt::Dbo::Session::add": ни одна перегруженная функция не может преобразовать все типы аргументов
C:\Program Files\Wt 4.10.2 msvs2022 x64\include\Wt\Dbo\Session_impl.h(229,17): message : может быть "Wt::Dbo::ptr<Publisher> Wt::Dbo::Session::add<Publisher>(std::unique_ptr<Publisher,std::default_delete<Publisher>>)"
C:\Users\Sergey\Desktop\Code\Работа с базами данных\05 С++ и БД ORM\WTDBO\WTDBO\WTDBO.cpp(110,22): message : "Wt::Dbo::ptr<Publisher> Wt::Dbo::Session::add<Publisher>(std::unique_ptr<Publisher,std::default_delete<Publisher>>)": невозможно преобразовать аргумент 1 из "Publisher *" в "std::unique_ptr<Publisher,std::default_delete<Publisher>>"
C:\Users\Sergey\Desktop\Code\Работа с базами данных\05 С++ и БД ORM\WTDBO\WTDBO\WTDBO.cpp(110,51): message : Конструктор для class "std::unique_ptr<Publisher,std::default_delete<Publisher>>" объявлен как "explicit"
C:\Program Files\Wt 4.10.2 msvs2022 x64\include\Wt\Dbo\Session_impl.h(207,17): message : или       "Wt::Dbo::ptr<Publisher> Wt::Dbo::Session::add<Publisher>(Wt::Dbo::ptr<Publisher> &)"
C:\Users\Sergey\Desktop\Code\Работа с базами данных\05 С++ и БД ORM\WTDBO\WTDBO\WTDBO.cpp(110,22): message : "Wt::Dbo::ptr<Publisher> Wt::Dbo::Session::add<Publisher>(Wt::Dbo::ptr<Publisher> &)": невозможно преобразовать аргумент 1 из "Publisher *" в "Wt::Dbo::ptr<Publisher> &"
C:\Users\Sergey\Desktop\Code\Работа с базами данных\05 С++ и БД ORM\WTDBO\WTDBO\WTDBO.cpp(110,22): message : при попытке сопоставить список аргументов "(Publisher *)"
C:\Users\Sergey\Desktop\Code\Работа с базами данных\05 С++ и БД ORM\WTDBO\WTDBO\WTDBO.cpp(113,43): error C2065: b1: необъявленный идентификатор
C:\Users\Sergey\Desktop\Code\Работа с базами данных\05 С++ и БД ORM\WTDBO\WTDBO\WTDBO.cpp(115,3): error C3536: b1db: не может использоваться до инициализации
C:\Users\Sergey\Desktop\Code\Работа с базами данных\05 С++ и БД ORM\WTDBO\WTDBO\WTDBO.cpp(126,77): error C3867: "Wt::Dbo::Query<C,Wt::Dbo::DynamicBinding>::where": нестандартный синтаксис; используйте "&", чтобы создать указатель на член
          with
          [
              C=Wt::Dbo::ptr<Book>
          ]
C:\Users\Sergey\Desktop\Code\Работа с базами данных\05 С++ и БД ORM\WTDBO\WTDBO\WTDBO.cpp(126,77): error C2143: синтаксическая ошибка: отсутствие ";" перед "строка"
C:\Users\Sergey\Desktop\Code\Работа с базами данных\05 С++ и БД ORM\WTDBO\WTDBO\WTDBO.cpp(129,34): error C2039: "publisher": не является членом "Book".
C:\Users\Sergey\Desktop\Code\Работа с базами данных\05 С++ и БД ORM\WTDBO\WTDBO\WTDBO.cpp(23,7): message : см. объявление "Book"
